{"/home/ouyp/Learning/Practice/openclaw-universe/projects/clawdevflow/04_coding/src/adapters/claude-code.js":{"path":"/home/ouyp/Learning/Practice/openclaw-universe/projects/clawdevflow/04_coding/src/adapters/claude-code.js","statementMap":{"0":{"start":{"line":11,"column":43},"end":{"line":11,"column":72}},"1":{"start":{"line":12,"column":17},"end":{"line":12,"column":41}},"2":{"start":{"line":13,"column":22},"end":{"line":13,"column":37}},"3":{"start":{"line":14,"column":18},"end":{"line":14,"column":33}},"4":{"start":{"line":22,"column":4},"end":{"line":22,"column":25}},"5":{"start":{"line":32,"column":22},"end":{"line":32,"column":32}},"6":{"start":{"line":33,"column":4},"end":{"line":33,"column":47}},"7":{"start":{"line":35,"column":4},"end":{"line":67,"column":5}},"8":{"start":{"line":37,"column":19},"end":{"line":37,"column":51}},"9":{"start":{"line":40,"column":22},"end":{"line":40,"column":45}},"10":{"start":{"line":41,"column":33},"end":{"line":45,"column":8}},"11":{"start":{"line":47,"column":23},"end":{"line":47,"column":45}},"12":{"start":{"line":48,"column":6},"end":{"line":48,"column":57}},"13":{"start":{"line":51,"column":22},"end":{"line":51,"column":58}},"14":{"start":{"line":53,"column":6},"end":{"line":57,"column":9}},"15":{"start":{"line":59,"column":23},"end":{"line":59,"column":45}},"16":{"start":{"line":60,"column":6},"end":{"line":60,"column":69}},"17":{"start":{"line":62,"column":6},"end":{"line":66,"column":9}},"18":{"start":{"line":76,"column":17},"end":{"line":80,"column":5}},"19":{"start":{"line":83,"column":24},"end":{"line":86,"column":28}},"20":{"start":{"line":88,"column":4},"end":{"line":88,"column":55}},"21":{"start":{"line":99,"column":28},"end":{"line":105,"column":5}},"22":{"start":{"line":109,"column":4},"end":{"line":109,"column":44}},"23":{"start":{"line":119,"column":23},"end":{"line":125,"column":5}},"24":{"start":{"line":127,"column":17},"end":{"line":127,"column":64}},"25":{"start":{"line":130,"column":22},"end":{"line":130,"column":52}},"26":{"start":{"line":132,"column":4},"end":{"line":132,"column":44}},"27":{"start":{"line":140,"column":4},"end":{"line":147,"column":5}},"28":{"start":{"line":142,"column":6},"end":{"line":142,"column":38}},"29":{"start":{"line":143,"column":6},"end":{"line":143,"column":18}},"30":{"start":{"line":145,"column":6},"end":{"line":145,"column":49}},"31":{"start":{"line":146,"column":6},"end":{"line":146,"column":19}},"32":{"start":{"line":156,"column":22},"end":{"line":156,"column":46}},"33":{"start":{"line":157,"column":21},"end":{"line":162,"column":5}},"34":{"start":{"line":163,"column":4},"end":{"line":163,"column":42}},"35":{"start":{"line":167,"column":0},"end":{"line":169,"column":2}}},"fnMap":{"0":{"name":"(anonymous_0)","decl":{"start":{"line":21,"column":2},"end":{"line":21,"column":3}},"loc":{"start":{"line":21,"column":12},"end":{"line":23,"column":3}},"line":21},"1":{"name":"(anonymous_1)","decl":{"start":{"line":31,"column":2},"end":{"line":31,"column":3}},"loc":{"start":{"line":31,"column":34},"end":{"line":68,"column":3}},"line":31},"2":{"name":"(anonymous_2)","decl":{"start":{"line":75,"column":2},"end":{"line":75,"column":3}},"loc":{"start":{"line":75,"column":21},"end":{"line":89,"column":3}},"line":75},"3":{"name":"(anonymous_3)","decl":{"start":{"line":97,"column":2},"end":{"line":97,"column":3}},"loc":{"start":{"line":97,"column":34},"end":{"line":110,"column":3}},"line":97},"4":{"name":"(anonymous_4)","decl":{"start":{"line":118,"column":2},"end":{"line":118,"column":3}},"loc":{"start":{"line":118,"column":30},"end":{"line":133,"column":3}},"line":118},"5":{"name":"(anonymous_5)","decl":{"start":{"line":139,"column":2},"end":{"line":139,"column":3}},"loc":{"start":{"line":139,"column":25},"end":{"line":148,"column":3}},"line":139},"6":{"name":"(anonymous_6)","decl":{"start":{"line":155,"column":2},"end":{"line":155,"column":3}},"loc":{"start":{"line":155,"column":26},"end":{"line":164,"column":3}},"line":155}},"branchMap":{"0":{"loc":{"start":{"line":42,"column":17},"end":{"line":42,"column":61}},"type":"binary-expr","locations":[{"start":{"line":42,"column":17},"end":{"line":42,"column":50}},{"start":{"line":42,"column":54},"end":{"line":42,"column":61}}],"line":42},"1":{"loc":{"start":{"line":44,"column":13},"end":{"line":44,"column":45}},"type":"binary-expr","locations":[{"start":{"line":44,"column":13},"end":{"line":44,"column":28}},{"start":{"line":44,"column":32},"end":{"line":44,"column":45}}],"line":44},"2":{"loc":{"start":{"line":76,"column":17},"end":{"line":80,"column":5}},"type":"binary-expr","locations":[{"start":{"line":76,"column":17},"end":{"line":76,"column":33}},{"start":{"line":76,"column":37},"end":{"line":80,"column":5}}],"line":76},"3":{"loc":{"start":{"line":109,"column":11},"end":{"line":109,"column":43}},"type":"binary-expr","locations":[{"start":{"line":109,"column":11},"end":{"line":109,"column":37}},{"start":{"line":109,"column":41},"end":{"line":109,"column":43}}],"line":109},"4":{"loc":{"start":{"line":127,"column":17},"end":{"line":127,"column":64}},"type":"binary-expr","locations":[{"start":{"line":127,"column":17},"end":{"line":127,"column":38}},{"start":{"line":127,"column":42},"end":{"line":127,"column":64}}],"line":127},"5":{"loc":{"start":{"line":155,"column":15},"end":{"line":155,"column":24}},"type":"default-arg","locations":[{"start":{"line":155,"column":22},"end":{"line":155,"column":24}}],"line":155}},"s":{"0":0,"1":0,"2":0,"3":0,"4":0,"5":0,"6":0,"7":0,"8":0,"9":0,"10":0,"11":0,"12":0,"13":0,"14":0,"15":0,"16":0,"17":0,"18":0,"19":0,"20":0,"21":0,"22":0,"23":0,"24":0,"25":0,"26":0,"27":0,"28":0,"29":0,"30":0,"31":0,"32":0,"33":0,"34":0,"35":0},"f":{"0":0,"1":0,"2":0,"3":0,"4":0,"5":0,"6":0},"b":{"0":[0,0],"1":[0,0],"2":[0,0],"3":[0,0],"4":[0,0],"5":[0]},"all":true},"/home/ouyp/Learning/Practice/openclaw-universe/projects/clawdevflow/04_coding/src/adapters/custom.js":{"path":"/home/ouyp/Learning/Practice/openclaw-universe/projects/clawdevflow/04_coding/src/adapters/custom.js","statementMap":{"0":{"start":{"line":11,"column":43},"end":{"line":11,"column":72}},"1":{"start":{"line":12,"column":17},"end":{"line":12,"column":41}},"2":{"start":{"line":13,"column":22},"end":{"line":13,"column":37}},"3":{"start":{"line":14,"column":18},"end":{"line":14,"column":33}},"4":{"start":{"line":15,"column":11},"end":{"line":15,"column":24}},"5":{"start":{"line":16,"column":13},"end":{"line":16,"column":28}},"6":{"start":{"line":24,"column":4},"end":{"line":24,"column":20}},"7":{"start":{"line":34,"column":22},"end":{"line":34,"column":32}},"8":{"start":{"line":35,"column":4},"end":{"line":35,"column":47}},"9":{"start":{"line":37,"column":4},"end":{"line":78,"column":5}},"10":{"start":{"line":39,"column":6},"end":{"line":41,"column":7}},"11":{"start":{"line":40,"column":8},"end":{"line":40,"column":49}},"12":{"start":{"line":44,"column":22},"end":{"line":44,"column":57}},"13":{"start":{"line":45,"column":6},"end":{"line":45,"column":36}},"14":{"start":{"line":48,"column":33},"end":{"line":56,"column":8}},"15":{"start":{"line":58,"column":23},"end":{"line":58,"column":45}},"16":{"start":{"line":59,"column":6},"end":{"line":59,"column":57}},"17":{"start":{"line":62,"column":22},"end":{"line":62,"column":66}},"18":{"start":{"line":64,"column":6},"end":{"line":68,"column":9}},"19":{"start":{"line":70,"column":23},"end":{"line":70,"column":45}},"20":{"start":{"line":71,"column":6},"end":{"line":71,"column":69}},"21":{"start":{"line":73,"column":6},"end":{"line":77,"column":9}},"22":{"start":{"line":88,"column":18},"end":{"line":88,"column":37}},"23":{"start":{"line":89,"column":17},"end":{"line":89,"column":39}},"24":{"start":{"line":92,"column":4},"end":{"line":92,"column":52}},"25":{"start":{"line":95,"column":22},"end":{"line":95,"column":43}},"26":{"start":{"line":96,"column":4},"end":{"line":96,"column":73}},"27":{"start":{"line":99,"column":4},"end":{"line":102,"column":5}},"28":{"start":{"line":100,"column":24},"end":{"line":100,"column":51}},"29":{"start":{"line":101,"column":6},"end":{"line":101,"column":58}},"30":{"start":{"line":105,"column":4},"end":{"line":107,"column":5}},"31":{"start":{"line":106,"column":6},"end":{"line":106,"column":38}},"32":{"start":{"line":109,"column":4},"end":{"line":109,"column":19}},"33":{"start":{"line":118,"column":20},"end":{"line":118,"column":52}},"34":{"start":{"line":119,"column":4},"end":{"line":121,"column":5}},"35":{"start":{"line":120,"column":6},"end":{"line":120,"column":49}},"36":{"start":{"line":123,"column":21},"end":{"line":123,"column":47}},"37":{"start":{"line":124,"column":21},"end":{"line":124,"column":49}},"38":{"start":{"line":126,"column":4},"end":{"line":126,"column":71}},"39":{"start":{"line":128,"column":4},"end":{"line":128,"column":20}},"40":{"start":{"line":140,"column":4},"end":{"line":142,"column":5}},"41":{"start":{"line":141,"column":6},"end":{"line":141,"column":68}},"42":{"start":{"line":145,"column":28},"end":{"line":151,"column":5}},"43":{"start":{"line":153,"column":4},"end":{"line":153,"column":44}},"44":{"start":{"line":163,"column":20},"end":{"line":163,"column":22}},"45":{"start":{"line":166,"column":4},"end":{"line":172,"column":5}},"46":{"start":{"line":167,"column":6},"end":{"line":171,"column":9}},"47":{"start":{"line":168,"column":22},"end":{"line":168,"column":46}},"48":{"start":{"line":169,"column":24},"end":{"line":169,"column":49}},"49":{"start":{"line":170,"column":8},"end":{"line":170,"column":33}},"50":{"start":{"line":175,"column":4},"end":{"line":179,"column":5}},"51":{"start":{"line":176,"column":26},"end":{"line":176,"column":68}},"52":{"start":{"line":177,"column":22},"end":{"line":177,"column":53}},"53":{"start":{"line":178,"column":6},"end":{"line":178,"column":31}},"54":{"start":{"line":181,"column":4},"end":{"line":181,"column":33}},"55":{"start":{"line":190,"column":21},"end":{"line":190,"column":23}},"56":{"start":{"line":192,"column":4},"end":{"line":201,"column":5}},"57":{"start":{"line":193,"column":6},"end":{"line":200,"column":7}},"58":{"start":{"line":195,"column":8},"end":{"line":197,"column":11}},"59":{"start":{"line":196,"column":10},"end":{"line":196,"column":44}},"60":{"start":{"line":199,"column":8},"end":{"line":199,"column":30}},"61":{"start":{"line":203,"column":4},"end":{"line":203,"column":20}},"62":{"start":{"line":213,"column":4},"end":{"line":213,"column":65}},"63":{"start":{"line":221,"column":4},"end":{"line":224,"column":5}},"64":{"start":{"line":222,"column":6},"end":{"line":222,"column":46}},"65":{"start":{"line":223,"column":6},"end":{"line":223,"column":19}},"66":{"start":{"line":227,"column":4},"end":{"line":234,"column":5}},"67":{"start":{"line":228,"column":22},"end":{"line":228,"column":55}},"68":{"start":{"line":229,"column":6},"end":{"line":229,"column":42}},"69":{"start":{"line":230,"column":6},"end":{"line":230,"column":18}},"70":{"start":{"line":232,"column":6},"end":{"line":232,"column":63}},"71":{"start":{"line":233,"column":6},"end":{"line":233,"column":19}},"72":{"start":{"line":242,"column":4},"end":{"line":249,"column":5}},"73":{"start":{"line":243,"column":6},"end":{"line":248,"column":7}},"74":{"start":{"line":244,"column":8},"end":{"line":244,"column":33}},"75":{"start":{"line":245,"column":8},"end":{"line":245,"column":48}},"76":{"start":{"line":247,"column":8},"end":{"line":247,"column":72}},"77":{"start":{"line":258,"column":22},"end":{"line":258,"column":46}},"78":{"start":{"line":259,"column":21},"end":{"line":265,"column":5}},"79":{"start":{"line":266,"column":4},"end":{"line":266,"column":42}},"80":{"start":{"line":270,"column":0},"end":{"line":272,"column":2}}},"fnMap":{"0":{"name":"(anonymous_0)","decl":{"start":{"line":23,"column":2},"end":{"line":23,"column":3}},"loc":{"start":{"line":23,"column":12},"end":{"line":25,"column":3}},"line":23},"1":{"name":"(anonymous_1)","decl":{"start":{"line":33,"column":2},"end":{"line":33,"column":3}},"loc":{"start":{"line":33,"column":34},"end":{"line":79,"column":3}},"line":33},"2":{"name":"(anonymous_2)","decl":{"start":{"line":87,"column":2},"end":{"line":87,"column":3}},"loc":{"start":{"line":87,"column":33},"end":{"line":110,"column":3}},"line":87},"3":{"name":"(anonymous_3)","decl":{"start":{"line":117,"column":2},"end":{"line":117,"column":3}},"loc":{"start":{"line":117,"column":25},"end":{"line":129,"column":3}},"line":117},"4":{"name":"(anonymous_4)","decl":{"start":{"line":138,"column":2},"end":{"line":138,"column":3}},"loc":{"start":{"line":138,"column":42},"end":{"line":154,"column":3}},"line":138},"5":{"name":"(anonymous_5)","decl":{"start":{"line":162,"column":2},"end":{"line":162,"column":3}},"loc":{"start":{"line":162,"column":40},"end":{"line":182,"column":3}},"line":162},"6":{"name":"(anonymous_6)","decl":{"start":{"line":167,"column":36},"end":{"line":167,"column":37}},"loc":{"start":{"line":167,"column":47},"end":{"line":171,"column":7}},"line":167},"7":{"name":"(anonymous_7)","decl":{"start":{"line":189,"column":2},"end":{"line":189,"column":3}},"loc":{"start":{"line":189,"column":27},"end":{"line":204,"column":3}},"line":189},"8":{"name":"(anonymous_8)","decl":{"start":{"line":195,"column":54},"end":{"line":195,"column":55}},"loc":{"start":{"line":195,"column":71},"end":{"line":197,"column":9}},"line":195},"9":{"name":"(anonymous_9)","decl":{"start":{"line":212,"column":2},"end":{"line":212,"column":3}},"loc":{"start":{"line":212,"column":30},"end":{"line":214,"column":3}},"line":212},"10":{"name":"(anonymous_10)","decl":{"start":{"line":220,"column":2},"end":{"line":220,"column":3}},"loc":{"start":{"line":220,"column":25},"end":{"line":235,"column":3}},"line":220},"11":{"name":"(anonymous_11)","decl":{"start":{"line":241,"column":2},"end":{"line":241,"column":3}},"loc":{"start":{"line":241,"column":21},"end":{"line":250,"column":3}},"line":241},"12":{"name":"(anonymous_12)","decl":{"start":{"line":257,"column":2},"end":{"line":257,"column":3}},"loc":{"start":{"line":257,"column":26},"end":{"line":267,"column":3}},"line":257}},"branchMap":{"0":{"loc":{"start":{"line":39,"column":6},"end":{"line":41,"column":7}},"type":"if","locations":[{"start":{"line":39,"column":6},"end":{"line":41,"column":7}},{"start":{"line":39,"column":6},"end":{"line":41,"column":7}}],"line":39},"1":{"loc":{"start":{"line":49,"column":17},"end":{"line":49,"column":61}},"type":"binary-expr","locations":[{"start":{"line":49,"column":17},"end":{"line":49,"column":50}},{"start":{"line":49,"column":54},"end":{"line":49,"column":61}}],"line":49},"2":{"loc":{"start":{"line":51,"column":13},"end":{"line":51,"column":45}},"type":"binary-expr","locations":[{"start":{"line":51,"column":13},"end":{"line":51,"column":28}},{"start":{"line":51,"column":32},"end":{"line":51,"column":45}}],"line":51},"3":{"loc":{"start":{"line":54,"column":38},"end":{"line":54,"column":59}},"type":"binary-expr","locations":[{"start":{"line":54,"column":38},"end":{"line":54,"column":53}},{"start":{"line":54,"column":57},"end":{"line":54,"column":59}}],"line":54},"4":{"loc":{"start":{"line":89,"column":17},"end":{"line":89,"column":39}},"type":"binary-expr","locations":[{"start":{"line":89,"column":17},"end":{"line":89,"column":33}},{"start":{"line":89,"column":37},"end":{"line":89,"column":39}}],"line":89},"5":{"loc":{"start":{"line":99,"column":4},"end":{"line":102,"column":5}},"type":"if","locations":[{"start":{"line":99,"column":4},"end":{"line":102,"column":5}},{"start":{"line":99,"column":4},"end":{"line":102,"column":5}}],"line":99},"6":{"loc":{"start":{"line":105,"column":4},"end":{"line":107,"column":5}},"type":"if","locations":[{"start":{"line":105,"column":4},"end":{"line":107,"column":5}},{"start":{"line":105,"column":4},"end":{"line":107,"column":5}}],"line":105},"7":{"loc":{"start":{"line":119,"column":4},"end":{"line":121,"column":5}},"type":"if","locations":[{"start":{"line":119,"column":4},"end":{"line":121,"column":5}},{"start":{"line":119,"column":4},"end":{"line":121,"column":5}}],"line":119},"8":{"loc":{"start":{"line":140,"column":4},"end":{"line":142,"column":5}},"type":"if","locations":[{"start":{"line":140,"column":4},"end":{"line":142,"column":5}},{"start":{"line":140,"column":4},"end":{"line":142,"column":5}}],"line":140},"9":{"loc":{"start":{"line":153,"column":11},"end":{"line":153,"column":43}},"type":"binary-expr","locations":[{"start":{"line":153,"column":11},"end":{"line":153,"column":37}},{"start":{"line":153,"column":41},"end":{"line":153,"column":43}}],"line":153},"10":{"loc":{"start":{"line":166,"column":4},"end":{"line":172,"column":5}},"type":"if","locations":[{"start":{"line":166,"column":4},"end":{"line":172,"column":5}},{"start":{"line":166,"column":4},"end":{"line":172,"column":5}}],"line":166},"11":{"loc":{"start":{"line":169,"column":24},"end":{"line":169,"column":49}},"type":"binary-expr","locations":[{"start":{"line":169,"column":24},"end":{"line":169,"column":43}},{"start":{"line":169,"column":47},"end":{"line":169,"column":49}}],"line":169},"12":{"loc":{"start":{"line":175,"column":4},"end":{"line":179,"column":5}},"type":"if","locations":[{"start":{"line":175,"column":4},"end":{"line":179,"column":5}},{"start":{"line":175,"column":4},"end":{"line":179,"column":5}}],"line":175},"13":{"loc":{"start":{"line":177,"column":22},"end":{"line":177,"column":53}},"type":"binary-expr","locations":[{"start":{"line":177,"column":22},"end":{"line":177,"column":47}},{"start":{"line":177,"column":51},"end":{"line":177,"column":53}}],"line":177},"14":{"loc":{"start":{"line":193,"column":6},"end":{"line":200,"column":7}},"type":"if","locations":[{"start":{"line":193,"column":6},"end":{"line":200,"column":7}},{"start":{"line":193,"column":6},"end":{"line":200,"column":7}}],"line":193},"15":{"loc":{"start":{"line":196,"column":17},"end":{"line":196,"column":43}},"type":"binary-expr","locations":[{"start":{"line":196,"column":17},"end":{"line":196,"column":34}},{"start":{"line":196,"column":38},"end":{"line":196,"column":43}}],"line":196},"16":{"loc":{"start":{"line":221,"column":4},"end":{"line":224,"column":5}},"type":"if","locations":[{"start":{"line":221,"column":4},"end":{"line":224,"column":5}},{"start":{"line":221,"column":4},"end":{"line":224,"column":5}}],"line":221},"17":{"loc":{"start":{"line":242,"column":4},"end":{"line":249,"column":5}},"type":"if","locations":[{"start":{"line":242,"column":4},"end":{"line":249,"column":5}},{"start":{"line":242,"column":4},"end":{"line":249,"column":5}}],"line":242},"18":{"loc":{"start":{"line":242,"column":8},"end":{"line":242,"column":45}},"type":"binary-expr","locations":[{"start":{"line":242,"column":8},"end":{"line":242,"column":17}},{"start":{"line":242,"column":21},"end":{"line":242,"column":45}}],"line":242},"19":{"loc":{"start":{"line":257,"column":15},"end":{"line":257,"column":24}},"type":"default-arg","locations":[{"start":{"line":257,"column":22},"end":{"line":257,"column":24}}],"line":257}},"s":{"0":0,"1":0,"2":0,"3":0,"4":0,"5":0,"6":0,"7":0,"8":0,"9":0,"10":0,"11":0,"12":0,"13":0,"14":0,"15":0,"16":0,"17":0,"18":0,"19":0,"20":0,"21":0,"22":0,"23":0,"24":0,"25":0,"26":0,"27":0,"28":0,"29":0,"30":0,"31":0,"32":0,"33":0,"34":0,"35":0,"36":0,"37":0,"38":0,"39":0,"40":0,"41":0,"42":0,"43":0,"44":0,"45":0,"46":0,"47":0,"48":0,"49":0,"50":0,"51":0,"52":0,"53":0,"54":0,"55":0,"56":0,"57":0,"58":0,"59":0,"60":0,"61":0,"62":0,"63":0,"64":0,"65":0,"66":0,"67":0,"68":0,"69":0,"70":0,"71":0,"72":0,"73":0,"74":0,"75":0,"76":0,"77":0,"78":0,"79":0,"80":0},"f":{"0":0,"1":0,"2":0,"3":0,"4":0,"5":0,"6":0,"7":0,"8":0,"9":0,"10":0,"11":0,"12":0},"b":{"0":[0,0],"1":[0,0],"2":[0,0],"3":[0,0],"4":[0,0],"5":[0,0],"6":[0,0],"7":[0,0],"8":[0,0],"9":[0,0],"10":[0,0],"11":[0,0],"12":[0,0],"13":[0,0],"14":[0,0],"15":[0,0],"16":[0,0],"17":[0,0],"18":[0,0],"19":[0]},"all":true},"/home/ouyp/Learning/Practice/openclaw-universe/projects/clawdevflow/04_coding/src/adapters/opencode.js":{"path":"/home/ouyp/Learning/Practice/openclaw-universe/projects/clawdevflow/04_coding/src/adapters/opencode.js","statementMap":{"0":{"start":{"line":11,"column":13},"end":{"line":11,"column":28}},"1":{"start":{"line":12,"column":11},"end":{"line":12,"column":24}},"2":{"start":{"line":14,"column":43},"end":{"line":14,"column":72}},"3":{"start":{"line":22,"column":4},"end":{"line":22,"column":22}},"4":{"start":{"line":32,"column":22},"end":{"line":32,"column":32}},"5":{"start":{"line":33,"column":4},"end":{"line":33,"column":54}},"6":{"start":{"line":35,"column":4},"end":{"line":67,"column":5}},"7":{"start":{"line":37,"column":19},"end":{"line":37,"column":51}},"8":{"start":{"line":38,"column":6},"end":{"line":38,"column":55}},"9":{"start":{"line":41,"column":6},"end":{"line":41,"column":34}},"10":{"start":{"line":42,"column":22},"end":{"line":42,"column":62}},"11":{"start":{"line":43,"column":6},"end":{"line":43,"column":84}},"12":{"start":{"line":46,"column":6},"end":{"line":46,"column":28}},"13":{"start":{"line":47,"column":21},"end":{"line":47,"column":101}},"14":{"start":{"line":49,"column":23},"end":{"line":49,"column":45}},"15":{"start":{"line":50,"column":6},"end":{"line":50,"column":82}},"16":{"start":{"line":52,"column":6},"end":{"line":57,"column":9}},"17":{"start":{"line":59,"column":23},"end":{"line":59,"column":45}},"18":{"start":{"line":60,"column":6},"end":{"line":60,"column":69}},"19":{"start":{"line":62,"column":6},"end":{"line":66,"column":9}},"20":{"start":{"line":78,"column":4},"end":{"line":80,"column":5}},"21":{"start":{"line":79,"column":6},"end":{"line":79,"column":105}},"22":{"start":{"line":83,"column":20},"end":{"line":89,"column":6}},"23":{"start":{"line":91,"column":4},"end":{"line":91,"column":19}},"24":{"start":{"line":102,"column":24},"end":{"line":102,"column":67}},"25":{"start":{"line":103,"column":25},"end":{"line":103,"column":29}},"26":{"start":{"line":104,"column":22},"end":{"line":104,"column":32}},"27":{"start":{"line":106,"column":4},"end":{"line":106,"column":55}},"28":{"start":{"line":109,"column":4},"end":{"line":125,"column":5}},"29":{"start":{"line":110,"column":6},"end":{"line":124,"column":7}},"30":{"start":{"line":112,"column":24},"end":{"line":112,"column":69}},"31":{"start":{"line":114,"column":8},"end":{"line":117,"column":9}},"32":{"start":{"line":115,"column":10},"end":{"line":115,"column":43}},"33":{"start":{"line":116,"column":10},"end":{"line":116,"column":29}},"34":{"start":{"line":120,"column":8},"end":{"line":120,"column":39}},"35":{"start":{"line":122,"column":8},"end":{"line":122,"column":51}},"36":{"start":{"line":123,"column":8},"end":{"line":123,"column":39}},"37":{"start":{"line":128,"column":20},"end":{"line":128,"column":65}},"38":{"start":{"line":129,"column":4},"end":{"line":132,"column":5}},"39":{"start":{"line":130,"column":6},"end":{"line":130,"column":42}},"40":{"start":{"line":131,"column":6},"end":{"line":131,"column":25}},"41":{"start":{"line":134,"column":4},"end":{"line":134,"column":27}},"42":{"start":{"line":135,"column":4},"end":{"line":135,"column":27}},"43":{"start":{"line":145,"column":20},"end":{"line":145,"column":22}},"44":{"start":{"line":147,"column":4},"end":{"line":186,"column":5}},"45":{"start":{"line":148,"column":6},"end":{"line":151,"column":7}},"46":{"start":{"line":149,"column":8},"end":{"line":149,"column":43}},"47":{"start":{"line":150,"column":8},"end":{"line":150,"column":23}},"48":{"start":{"line":154,"column":28},"end":{"line":160,"column":7}},"49":{"start":{"line":162,"column":20},"end":{"line":162,"column":50}},"50":{"start":{"line":165,"column":6},"end":{"line":171,"column":7}},"51":{"start":{"line":166,"column":25},"end":{"line":166,"column":51}},"52":{"start":{"line":167,"column":8},"end":{"line":170,"column":9}},"53":{"start":{"line":168,"column":10},"end":{"line":168,"column":33}},"54":{"start":{"line":169,"column":10},"end":{"line":169,"column":50}},"55":{"start":{"line":174,"column":6},"end":{"line":183,"column":7}},"56":{"start":{"line":175,"column":25},"end":{"line":175,"column":50}},"57":{"start":{"line":176,"column":8},"end":{"line":182,"column":9}},"58":{"start":{"line":177,"column":10},"end":{"line":181,"column":11}},"59":{"start":{"line":178,"column":29},"end":{"line":178,"column":55}},"60":{"start":{"line":179,"column":12},"end":{"line":179,"column":35}},"61":{"start":{"line":180,"column":12},"end":{"line":180,"column":52}},"62":{"start":{"line":185,"column":6},"end":{"line":185,"column":53}},"63":{"start":{"line":188,"column":4},"end":{"line":188,"column":19}},"64":{"start":{"line":198,"column":23},"end":{"line":254,"column":5}},"65":{"start":{"line":256,"column":17},"end":{"line":256,"column":64}},"66":{"start":{"line":259,"column":22},"end":{"line":259,"column":52}},"67":{"start":{"line":261,"column":4},"end":{"line":261,"column":44}},"68":{"start":{"line":268,"column":4},"end":{"line":268,"column":59}},"69":{"start":{"line":268,"column":34},"end":{"line":268,"column":57}},"70":{"start":{"line":275,"column":22},"end":{"line":275,"column":46}},"71":{"start":{"line":276,"column":4},"end":{"line":276,"column":82}},"72":{"start":{"line":284,"column":4},"end":{"line":284,"column":16}},"73":{"start":{"line":288,"column":0},"end":{"line":290,"column":2}}},"fnMap":{"0":{"name":"(anonymous_0)","decl":{"start":{"line":21,"column":2},"end":{"line":21,"column":3}},"loc":{"start":{"line":21,"column":12},"end":{"line":23,"column":3}},"line":21},"1":{"name":"(anonymous_1)","decl":{"start":{"line":31,"column":2},"end":{"line":31,"column":3}},"loc":{"start":{"line":31,"column":34},"end":{"line":68,"column":3}},"line":31},"2":{"name":"(anonymous_2)","decl":{"start":{"line":76,"column":2},"end":{"line":76,"column":3}},"loc":{"start":{"line":76,"column":38},"end":{"line":92,"column":3}},"line":76},"3":{"name":"(anonymous_3)","decl":{"start":{"line":101,"column":2},"end":{"line":101,"column":3}},"loc":{"start":{"line":101,"column":56},"end":{"line":136,"column":3}},"line":101},"4":{"name":"(anonymous_4)","decl":{"start":{"line":144,"column":2},"end":{"line":144,"column":3}},"loc":{"start":{"line":144,"column":37},"end":{"line":189,"column":3}},"line":144},"5":{"name":"(anonymous_5)","decl":{"start":{"line":197,"column":2},"end":{"line":197,"column":3}},"loc":{"start":{"line":197,"column":30},"end":{"line":262,"column":3}},"line":197},"6":{"name":"(anonymous_6)","decl":{"start":{"line":267,"column":2},"end":{"line":267,"column":3}},"loc":{"start":{"line":267,"column":12},"end":{"line":269,"column":3}},"line":267},"7":{"name":"(anonymous_7)","decl":{"start":{"line":268,"column":23},"end":{"line":268,"column":24}},"loc":{"start":{"line":268,"column":34},"end":{"line":268,"column":57}},"line":268},"8":{"name":"(anonymous_8)","decl":{"start":{"line":274,"column":2},"end":{"line":274,"column":3}},"loc":{"start":{"line":274,"column":26},"end":{"line":277,"column":3}},"line":274},"9":{"name":"(anonymous_9)","decl":{"start":{"line":283,"column":2},"end":{"line":283,"column":3}},"loc":{"start":{"line":283,"column":19},"end":{"line":285,"column":3}},"line":283}},"branchMap":{"0":{"loc":{"start":{"line":47,"column":50},"end":{"line":47,"column":82}},"type":"binary-expr","locations":[{"start":{"line":47,"column":50},"end":{"line":47,"column":68}},{"start":{"line":47,"column":72},"end":{"line":47,"column":82}}],"line":47},"1":{"loc":{"start":{"line":78,"column":4},"end":{"line":80,"column":5}},"type":"if","locations":[{"start":{"line":78,"column":4},"end":{"line":80,"column":5}},{"start":{"line":78,"column":4},"end":{"line":80,"column":5}}],"line":78},"2":{"loc":{"start":{"line":87,"column":22},"end":{"line":87,"column":56}},"type":"binary-expr","locations":[{"start":{"line":87,"column":22},"end":{"line":87,"column":48}},{"start":{"line":87,"column":52},"end":{"line":87,"column":56}}],"line":87},"3":{"loc":{"start":{"line":102,"column":25},"end":{"line":102,"column":59}},"type":"binary-expr","locations":[{"start":{"line":102,"column":25},"end":{"line":102,"column":51}},{"start":{"line":102,"column":55},"end":{"line":102,"column":59}}],"line":102},"4":{"loc":{"start":{"line":114,"column":8},"end":{"line":117,"column":9}},"type":"if","locations":[{"start":{"line":114,"column":8},"end":{"line":117,"column":9}},{"start":{"line":114,"column":8},"end":{"line":117,"column":9}}],"line":114},"5":{"loc":{"start":{"line":129,"column":4},"end":{"line":132,"column":5}},"type":"if","locations":[{"start":{"line":129,"column":4},"end":{"line":132,"column":5}},{"start":{"line":129,"column":4},"end":{"line":132,"column":5}}],"line":129},"6":{"loc":{"start":{"line":148,"column":6},"end":{"line":151,"column":7}},"type":"if","locations":[{"start":{"line":148,"column":6},"end":{"line":151,"column":7}},{"start":{"line":148,"column":6},"end":{"line":151,"column":7}}],"line":148},"7":{"loc":{"start":{"line":162,"column":20},"end":{"line":162,"column":50}},"type":"binary-expr","locations":[{"start":{"line":162,"column":20},"end":{"line":162,"column":44}},{"start":{"line":162,"column":48},"end":{"line":162,"column":50}}],"line":162},"8":{"loc":{"start":{"line":167,"column":8},"end":{"line":170,"column":9}},"type":"if","locations":[{"start":{"line":167,"column":8},"end":{"line":170,"column":9}},{"start":{"line":167,"column":8},"end":{"line":170,"column":9}}],"line":167},"9":{"loc":{"start":{"line":174,"column":6},"end":{"line":183,"column":7}},"type":"if","locations":[{"start":{"line":174,"column":6},"end":{"line":183,"column":7}},{"start":{"line":174,"column":6},"end":{"line":183,"column":7}}],"line":174},"10":{"loc":{"start":{"line":177,"column":10},"end":{"line":181,"column":11}},"type":"if","locations":[{"start":{"line":177,"column":10},"end":{"line":181,"column":11}},{"start":{"line":177,"column":10},"end":{"line":181,"column":11}}],"line":177},"11":{"loc":{"start":{"line":177,"column":14},"end":{"line":177,"column":58}},"type":"binary-expr","locations":[{"start":{"line":177,"column":14},"end":{"line":177,"column":34}},{"start":{"line":177,"column":38},"end":{"line":177,"column":58}}],"line":177},"12":{"loc":{"start":{"line":201,"column":12},"end":{"line":201,"column":55}},"type":"binary-expr","locations":[{"start":{"line":201,"column":12},"end":{"line":201,"column":34}},{"start":{"line":201,"column":38},"end":{"line":201,"column":55}}],"line":201},"13":{"loc":{"start":{"line":203,"column":11},"end":{"line":203,"column":44}},"type":"binary-expr","locations":[{"start":{"line":203,"column":11},"end":{"line":203,"column":26}},{"start":{"line":203,"column":30},"end":{"line":203,"column":44}}],"line":203},"14":{"loc":{"start":{"line":213,"column":12},"end":{"line":213,"column":49}},"type":"binary-expr","locations":[{"start":{"line":213,"column":12},"end":{"line":213,"column":31}},{"start":{"line":213,"column":35},"end":{"line":213,"column":49}}],"line":213},"15":{"loc":{"start":{"line":215,"column":11},"end":{"line":215,"column":46}},"type":"binary-expr","locations":[{"start":{"line":215,"column":11},"end":{"line":215,"column":26}},{"start":{"line":215,"column":30},"end":{"line":215,"column":46}}],"line":215},"16":{"loc":{"start":{"line":226,"column":11},"end":{"line":226,"column":44}},"type":"binary-expr","locations":[{"start":{"line":226,"column":11},"end":{"line":226,"column":26}},{"start":{"line":226,"column":30},"end":{"line":226,"column":44}}],"line":226},"17":{"loc":{"start":{"line":237,"column":11},"end":{"line":237,"column":45}},"type":"binary-expr","locations":[{"start":{"line":237,"column":11},"end":{"line":237,"column":26}},{"start":{"line":237,"column":30},"end":{"line":237,"column":45}}],"line":237},"18":{"loc":{"start":{"line":248,"column":11},"end":{"line":248,"column":44}},"type":"binary-expr","locations":[{"start":{"line":248,"column":11},"end":{"line":248,"column":26}},{"start":{"line":248,"column":30},"end":{"line":248,"column":44}}],"line":248},"19":{"loc":{"start":{"line":256,"column":17},"end":{"line":256,"column":64}},"type":"binary-expr","locations":[{"start":{"line":256,"column":17},"end":{"line":256,"column":38}},{"start":{"line":256,"column":42},"end":{"line":256,"column":64}}],"line":256},"20":{"loc":{"start":{"line":274,"column":15},"end":{"line":274,"column":24}},"type":"default-arg","locations":[{"start":{"line":274,"column":22},"end":{"line":274,"column":24}}],"line":274}},"s":{"0":0,"1":0,"2":0,"3":0,"4":0,"5":0,"6":0,"7":0,"8":0,"9":0,"10":0,"11":0,"12":0,"13":0,"14":0,"15":0,"16":0,"17":0,"18":0,"19":0,"20":0,"21":0,"22":0,"23":0,"24":0,"25":0,"26":0,"27":0,"28":0,"29":0,"30":0,"31":0,"32":0,"33":0,"34":0,"35":0,"36":0,"37":0,"38":0,"39":0,"40":0,"41":0,"42":0,"43":0,"44":0,"45":0,"46":0,"47":0,"48":0,"49":0,"50":0,"51":0,"52":0,"53":0,"54":0,"55":0,"56":0,"57":0,"58":0,"59":0,"60":0,"61":0,"62":0,"63":0,"64":0,"65":0,"66":0,"67":0,"68":0,"69":0,"70":0,"71":0,"72":0,"73":0},"f":{"0":0,"1":0,"2":0,"3":0,"4":0,"5":0,"6":0,"7":0,"8":0,"9":0},"b":{"0":[0,0],"1":[0,0],"2":[0,0],"3":[0,0],"4":[0,0],"5":[0,0],"6":[0,0],"7":[0,0],"8":[0,0],"9":[0,0],"10":[0,0],"11":[0,0],"12":[0,0],"13":[0,0],"14":[0,0],"15":[0,0],"16":[0,0],"17":[0,0],"18":[0,0],"19":[0,0],"20":[0]},"all":true},"/home/ouyp/Learning/Practice/openclaw-universe/projects/clawdevflow/04_coding/src/cdf-orchestrator/stage-executor.js":{"path":"/home/ouyp/Learning/Practice/openclaw-universe/projects/clawdevflow/04_coding/src/cdf-orchestrator/stage-executor.js","statementMap":{"0":{"start":{"line":12,"column":13},"end":{"line":12,"column":28}},"1":{"start":{"line":13,"column":11},"end":{"line":13,"column":24}},"2":{"start":{"line":14,"column":17},"end":{"line":14,"column":41}},"3":{"start":{"line":15,"column":22},"end":{"line":15,"column":37}},"4":{"start":{"line":18,"column":28},"end":{"line":18,"column":59}},"5":{"start":{"line":20,"column":18},"end":{"line":20,"column":33}},"6":{"start":{"line":25,"column":14},"end":{"line":31,"column":1}},"7":{"start":{"line":42,"column":4},"end":{"line":42,"column":31}},"8":{"start":{"line":43,"column":4},"end":{"line":43,"column":98}},"9":{"start":{"line":46,"column":4},"end":{"line":49,"column":7}},"10":{"start":{"line":51,"column":4},"end":{"line":51,"column":47}},"11":{"start":{"line":52,"column":4},"end":{"line":52,"column":67}},"12":{"start":{"line":53,"column":4},"end":{"line":53,"column":53}},"13":{"start":{"line":65,"column":4},"end":{"line":65,"column":20}},"14":{"start":{"line":66,"column":4},"end":{"line":66,"column":77}},"15":{"start":{"line":67,"column":4},"end":{"line":67,"column":70}},"16":{"start":{"line":68,"column":4},"end":{"line":68,"column":56}},"17":{"start":{"line":69,"column":4},"end":{"line":69,"column":77}},"18":{"start":{"line":70,"column":4},"end":{"line":70,"column":20}},"19":{"start":{"line":72,"column":4},"end":{"line":99,"column":5}},"20":{"start":{"line":73,"column":6},"end":{"line":91,"column":7}},"21":{"start":{"line":75,"column":10},"end":{"line":75,"column":65}},"22":{"start":{"line":78,"column":10},"end":{"line":78,"column":67}},"23":{"start":{"line":81,"column":10},"end":{"line":81,"column":65}},"24":{"start":{"line":84,"column":10},"end":{"line":84,"column":62}},"25":{"start":{"line":87,"column":10},"end":{"line":87,"column":65}},"26":{"start":{"line":90,"column":10},"end":{"line":90,"column":47}},"27":{"start":{"line":93,"column":6},"end":{"line":93,"column":65}},"28":{"start":{"line":94,"column":6},"end":{"line":98,"column":8}},"29":{"start":{"line":106,"column":4},"end":{"line":106,"column":77}},"30":{"start":{"line":107,"column":4},"end":{"line":107,"column":53}},"31":{"start":{"line":108,"column":4},"end":{"line":108,"column":77}},"32":{"start":{"line":110,"column":26},"end":{"line":110,"column":64}},"33":{"start":{"line":113,"column":4},"end":{"line":116,"column":5}},"34":{"start":{"line":114,"column":6},"end":{"line":114,"column":55}},"35":{"start":{"line":115,"column":6},"end":{"line":115,"column":60}},"36":{"start":{"line":119,"column":4},"end":{"line":119,"column":63}},"37":{"start":{"line":121,"column":19},"end":{"line":125,"column":6}},"38":{"start":{"line":127,"column":4},"end":{"line":129,"column":5}},"39":{"start":{"line":128,"column":6},"end":{"line":128,"column":58}},"40":{"start":{"line":131,"column":4},"end":{"line":131,"column":53}},"41":{"start":{"line":132,"column":4},"end":{"line":132,"column":70}},"42":{"start":{"line":133,"column":4},"end":{"line":133,"column":70}},"43":{"start":{"line":135,"column":4},"end":{"line":141,"column":6}},"44":{"start":{"line":137,"column":40},"end":{"line":140,"column":7}},"45":{"start":{"line":148,"column":4},"end":{"line":148,"column":77}},"46":{"start":{"line":149,"column":4},"end":{"line":149,"column":55}},"47":{"start":{"line":150,"column":4},"end":{"line":150,"column":77}},"48":{"start":{"line":152,"column":28},"end":{"line":152,"column":68}},"49":{"start":{"line":154,"column":4},"end":{"line":157,"column":5}},"50":{"start":{"line":155,"column":6},"end":{"line":155,"column":57}},"51":{"start":{"line":156,"column":6},"end":{"line":156,"column":62}},"52":{"start":{"line":159,"column":4},"end":{"line":159,"column":65}},"53":{"start":{"line":161,"column":19},"end":{"line":165,"column":6}},"54":{"start":{"line":167,"column":4},"end":{"line":169,"column":5}},"55":{"start":{"line":168,"column":6},"end":{"line":168,"column":60}},"56":{"start":{"line":171,"column":4},"end":{"line":171,"column":55}},"57":{"start":{"line":172,"column":4},"end":{"line":172,"column":70}},"58":{"start":{"line":174,"column":4},"end":{"line":180,"column":6}},"59":{"start":{"line":176,"column":40},"end":{"line":179,"column":7}},"60":{"start":{"line":187,"column":4},"end":{"line":187,"column":77}},"61":{"start":{"line":188,"column":4},"end":{"line":188,"column":53}},"62":{"start":{"line":189,"column":4},"end":{"line":189,"column":77}},"63":{"start":{"line":191,"column":26},"end":{"line":191,"column":64}},"64":{"start":{"line":193,"column":4},"end":{"line":196,"column":5}},"65":{"start":{"line":194,"column":6},"end":{"line":194,"column":55}},"66":{"start":{"line":195,"column":6},"end":{"line":195,"column":60}},"67":{"start":{"line":198,"column":4},"end":{"line":198,"column":63}},"68":{"start":{"line":200,"column":19},"end":{"line":205,"column":6}},"69":{"start":{"line":207,"column":4},"end":{"line":209,"column":5}},"70":{"start":{"line":208,"column":6},"end":{"line":208,"column":58}},"71":{"start":{"line":211,"column":4},"end":{"line":211,"column":53}},"72":{"start":{"line":212,"column":4},"end":{"line":212,"column":70}},"73":{"start":{"line":214,"column":4},"end":{"line":220,"column":6}},"74":{"start":{"line":216,"column":40},"end":{"line":219,"column":7}},"75":{"start":{"line":227,"column":4},"end":{"line":227,"column":77}},"76":{"start":{"line":228,"column":4},"end":{"line":228,"column":50}},"77":{"start":{"line":229,"column":4},"end":{"line":229,"column":77}},"78":{"start":{"line":231,"column":23},"end":{"line":231,"column":58}},"79":{"start":{"line":232,"column":20},"end":{"line":232,"column":48}},"80":{"start":{"line":234,"column":4},"end":{"line":237,"column":5}},"81":{"start":{"line":235,"column":6},"end":{"line":235,"column":49}},"82":{"start":{"line":236,"column":6},"end":{"line":236,"column":54}},"83":{"start":{"line":239,"column":4},"end":{"line":239,"column":60}},"84":{"start":{"line":241,"column":19},"end":{"line":246,"column":6}},"85":{"start":{"line":248,"column":4},"end":{"line":250,"column":5}},"86":{"start":{"line":249,"column":6},"end":{"line":249,"column":55}},"87":{"start":{"line":252,"column":4},"end":{"line":252,"column":50}},"88":{"start":{"line":253,"column":4},"end":{"line":253,"column":70}},"89":{"start":{"line":255,"column":4},"end":{"line":261,"column":6}},"90":{"start":{"line":257,"column":40},"end":{"line":260,"column":7}},"91":{"start":{"line":268,"column":4},"end":{"line":268,"column":77}},"92":{"start":{"line":269,"column":4},"end":{"line":269,"column":53}},"93":{"start":{"line":270,"column":4},"end":{"line":270,"column":77}},"94":{"start":{"line":272,"column":26},"end":{"line":272,"column":64}},"95":{"start":{"line":274,"column":4},"end":{"line":277,"column":5}},"96":{"start":{"line":275,"column":6},"end":{"line":275,"column":55}},"97":{"start":{"line":276,"column":6},"end":{"line":276,"column":60}},"98":{"start":{"line":279,"column":4},"end":{"line":279,"column":63}},"99":{"start":{"line":281,"column":19},"end":{"line":286,"column":6}},"100":{"start":{"line":288,"column":4},"end":{"line":290,"column":5}},"101":{"start":{"line":289,"column":6},"end":{"line":289,"column":58}},"102":{"start":{"line":292,"column":4},"end":{"line":292,"column":53}},"103":{"start":{"line":293,"column":4},"end":{"line":293,"column":70}},"104":{"start":{"line":295,"column":4},"end":{"line":301,"column":6}},"105":{"start":{"line":297,"column":40},"end":{"line":300,"column":7}},"106":{"start":{"line":305,"column":0},"end":{"line":305,"column":31}},"107":{"start":{"line":306,"column":0},"end":{"line":306,"column":29}}},"fnMap":{"0":{"name":"(anonymous_0)","decl":{"start":{"line":41,"column":2},"end":{"line":41,"column":3}},"loc":{"start":{"line":41,"column":22},"end":{"line":54,"column":3}},"line":41},"1":{"name":"(anonymous_1)","decl":{"start":{"line":64,"column":2},"end":{"line":64,"column":3}},"loc":{"start":{"line":64,"column":47},"end":{"line":100,"column":3}},"line":64},"2":{"name":"(anonymous_2)","decl":{"start":{"line":105,"column":2},"end":{"line":105,"column":3}},"loc":{"start":{"line":105,"column":45},"end":{"line":142,"column":3}},"line":105},"3":{"name":"(anonymous_3)","decl":{"start":{"line":137,"column":34},"end":{"line":137,"column":35}},"loc":{"start":{"line":137,"column":40},"end":{"line":140,"column":7}},"line":137},"4":{"name":"(anonymous_4)","decl":{"start":{"line":147,"column":2},"end":{"line":147,"column":3}},"loc":{"start":{"line":147,"column":47},"end":{"line":181,"column":3}},"line":147},"5":{"name":"(anonymous_5)","decl":{"start":{"line":176,"column":34},"end":{"line":176,"column":35}},"loc":{"start":{"line":176,"column":40},"end":{"line":179,"column":7}},"line":176},"6":{"name":"(anonymous_6)","decl":{"start":{"line":186,"column":2},"end":{"line":186,"column":3}},"loc":{"start":{"line":186,"column":45},"end":{"line":221,"column":3}},"line":186},"7":{"name":"(anonymous_7)","decl":{"start":{"line":216,"column":34},"end":{"line":216,"column":35}},"loc":{"start":{"line":216,"column":40},"end":{"line":219,"column":7}},"line":216},"8":{"name":"(anonymous_8)","decl":{"start":{"line":226,"column":2},"end":{"line":226,"column":3}},"loc":{"start":{"line":226,"column":42},"end":{"line":262,"column":3}},"line":226},"9":{"name":"(anonymous_9)","decl":{"start":{"line":257,"column":34},"end":{"line":257,"column":35}},"loc":{"start":{"line":257,"column":40},"end":{"line":260,"column":7}},"line":257},"10":{"name":"(anonymous_10)","decl":{"start":{"line":267,"column":2},"end":{"line":267,"column":3}},"loc":{"start":{"line":267,"column":45},"end":{"line":302,"column":3}},"line":267},"11":{"name":"(anonymous_11)","decl":{"start":{"line":297,"column":34},"end":{"line":297,"column":35}},"loc":{"start":{"line":297,"column":40},"end":{"line":300,"column":7}},"line":297}},"branchMap":{"0":{"loc":{"start":{"line":42,"column":18},"end":{"line":42,"column":30}},"type":"binary-expr","locations":[{"start":{"line":42,"column":18},"end":{"line":42,"column":24}},{"start":{"line":42,"column":28},"end":{"line":42,"column":30}}],"line":42},"1":{"loc":{"start":{"line":43,"column":25},"end":{"line":43,"column":97}},"type":"binary-expr","locations":[{"start":{"line":43,"column":25},"end":{"line":43,"column":45}},{"start":{"line":43,"column":49},"end":{"line":43,"column":97}}],"line":43},"2":{"loc":{"start":{"line":48,"column":22},"end":{"line":48,"column":51}},"type":"binary-expr","locations":[{"start":{"line":48,"column":22},"end":{"line":48,"column":43}},{"start":{"line":48,"column":47},"end":{"line":48,"column":51}}],"line":48},"3":{"loc":{"start":{"line":73,"column":6},"end":{"line":91,"column":7}},"type":"switch","locations":[{"start":{"line":74,"column":8},"end":{"line":75,"column":65}},{"start":{"line":77,"column":8},"end":{"line":78,"column":67}},{"start":{"line":80,"column":8},"end":{"line":81,"column":65}},{"start":{"line":83,"column":8},"end":{"line":84,"column":62}},{"start":{"line":86,"column":8},"end":{"line":87,"column":65}},{"start":{"line":89,"column":8},"end":{"line":90,"column":47}}],"line":73},"4":{"loc":{"start":{"line":113,"column":4},"end":{"line":116,"column":5}},"type":"if","locations":[{"start":{"line":113,"column":4},"end":{"line":116,"column":5}},{"start":{"line":113,"column":4},"end":{"line":116,"column":5}}],"line":113},"5":{"loc":{"start":{"line":127,"column":4},"end":{"line":129,"column":5}},"type":"if","locations":[{"start":{"line":127,"column":4},"end":{"line":129,"column":5}},{"start":{"line":127,"column":4},"end":{"line":129,"column":5}}],"line":127},"6":{"loc":{"start":{"line":154,"column":4},"end":{"line":157,"column":5}},"type":"if","locations":[{"start":{"line":154,"column":4},"end":{"line":157,"column":5}},{"start":{"line":154,"column":4},"end":{"line":157,"column":5}}],"line":154},"7":{"loc":{"start":{"line":167,"column":4},"end":{"line":169,"column":5}},"type":"if","locations":[{"start":{"line":167,"column":4},"end":{"line":169,"column":5}},{"start":{"line":167,"column":4},"end":{"line":169,"column":5}}],"line":167},"8":{"loc":{"start":{"line":193,"column":4},"end":{"line":196,"column":5}},"type":"if","locations":[{"start":{"line":193,"column":4},"end":{"line":196,"column":5}},{"start":{"line":193,"column":4},"end":{"line":196,"column":5}}],"line":193},"9":{"loc":{"start":{"line":207,"column":4},"end":{"line":209,"column":5}},"type":"if","locations":[{"start":{"line":207,"column":4},"end":{"line":209,"column":5}},{"start":{"line":207,"column":4},"end":{"line":209,"column":5}}],"line":207},"10":{"loc":{"start":{"line":234,"column":4},"end":{"line":237,"column":5}},"type":"if","locations":[{"start":{"line":234,"column":4},"end":{"line":237,"column":5}},{"start":{"line":234,"column":4},"end":{"line":237,"column":5}}],"line":234},"11":{"loc":{"start":{"line":248,"column":4},"end":{"line":250,"column":5}},"type":"if","locations":[{"start":{"line":248,"column":4},"end":{"line":250,"column":5}},{"start":{"line":248,"column":4},"end":{"line":250,"column":5}}],"line":248},"12":{"loc":{"start":{"line":274,"column":4},"end":{"line":277,"column":5}},"type":"if","locations":[{"start":{"line":274,"column":4},"end":{"line":277,"column":5}},{"start":{"line":274,"column":4},"end":{"line":277,"column":5}}],"line":274},"13":{"loc":{"start":{"line":288,"column":4},"end":{"line":290,"column":5}},"type":"if","locations":[{"start":{"line":288,"column":4},"end":{"line":290,"column":5}},{"start":{"line":288,"column":4},"end":{"line":290,"column":5}}],"line":288}},"s":{"0":0,"1":0,"2":0,"3":0,"4":0,"5":0,"6":0,"7":0,"8":0,"9":0,"10":0,"11":0,"12":0,"13":0,"14":0,"15":0,"16":0,"17":0,"18":0,"19":0,"20":0,"21":0,"22":0,"23":0,"24":0,"25":0,"26":0,"27":0,"28":0,"29":0,"30":0,"31":0,"32":0,"33":0,"34":0,"35":0,"36":0,"37":0,"38":0,"39":0,"40":0,"41":0,"42":0,"43":0,"44":0,"45":0,"46":0,"47":0,"48":0,"49":0,"50":0,"51":0,"52":0,"53":0,"54":0,"55":0,"56":0,"57":0,"58":0,"59":0,"60":0,"61":0,"62":0,"63":0,"64":0,"65":0,"66":0,"67":0,"68":0,"69":0,"70":0,"71":0,"72":0,"73":0,"74":0,"75":0,"76":0,"77":0,"78":0,"79":0,"80":0,"81":0,"82":0,"83":0,"84":0,"85":0,"86":0,"87":0,"88":0,"89":0,"90":0,"91":0,"92":0,"93":0,"94":0,"95":0,"96":0,"97":0,"98":0,"99":0,"100":0,"101":0,"102":0,"103":0,"104":0,"105":0,"106":0,"107":0},"f":{"0":0,"1":0,"2":0,"3":0,"4":0,"5":0,"6":0,"7":0,"8":0,"9":0,"10":0,"11":0},"b":{"0":[0,0],"1":[0,0],"2":[0,0],"3":[0,0,0,0,0,0],"4":[0,0],"5":[0,0],"6":[0,0],"7":[0,0],"8":[0,0],"9":[0,0],"10":[0,0],"11":[0,0],"12":[0,0],"13":[0,0]},"all":true},"/home/ouyp/Learning/Practice/openclaw-universe/projects/clawdevflow/04_coding/src/cdf-orchestrator/state-manager.js":{"path":"/home/ouyp/Learning/Practice/openclaw-universe/projects/clawdevflow/04_coding/src/cdf-orchestrator/state-manager.js","statementMap":{"0":{"start":{"line":12,"column":11},"end":{"line":12,"column":24}},"1":{"start":{"line":13,"column":13},"end":{"line":13,"column":28}},"2":{"start":{"line":18,"column":20},"end":{"line":26,"column":1}},"3":{"start":{"line":38,"column":4},"end":{"line":38,"column":31}},"4":{"start":{"line":39,"column":4},"end":{"line":39,"column":35}},"5":{"start":{"line":40,"column":4},"end":{"line":40,"column":63}},"6":{"start":{"line":41,"column":4},"end":{"line":41,"column":42}},"7":{"start":{"line":43,"column":4},"end":{"line":43,"column":46}},"8":{"start":{"line":44,"column":4},"end":{"line":44,"column":57}},"9":{"start":{"line":45,"column":4},"end":{"line":45,"column":60}},"10":{"start":{"line":54,"column":4},"end":{"line":63,"column":5}},"11":{"start":{"line":55,"column":6},"end":{"line":55,"column":46}},"12":{"start":{"line":56,"column":20},"end":{"line":56,"column":72}},"13":{"start":{"line":57,"column":6},"end":{"line":57,"column":19}},"14":{"start":{"line":59,"column":6},"end":{"line":59,"column":45}},"15":{"start":{"line":60,"column":20},"end":{"line":60,"column":45}},"16":{"start":{"line":61,"column":6},"end":{"line":61,"column":18}},"17":{"start":{"line":62,"column":6},"end":{"line":62,"column":19}},"18":{"start":{"line":72,"column":4},"end":{"line":135,"column":6}},"19":{"start":{"line":144,"column":17},"end":{"line":144,"column":73}},"20":{"start":{"line":145,"column":19},"end":{"line":145,"column":75}},"21":{"start":{"line":146,"column":4},"end":{"line":146,"column":35}},"22":{"start":{"line":153,"column":4},"end":{"line":156,"column":5}},"23":{"start":{"line":154,"column":6},"end":{"line":154,"column":53}},"24":{"start":{"line":155,"column":6},"end":{"line":155,"column":13}},"25":{"start":{"line":157,"column":4},"end":{"line":157,"column":52}},"26":{"start":{"line":158,"column":4},"end":{"line":158,"column":83}},"27":{"start":{"line":159,"column":4},"end":{"line":159,"column":43}},"28":{"start":{"line":169,"column":4},"end":{"line":171,"column":5}},"29":{"start":{"line":170,"column":6},"end":{"line":170,"column":43}},"30":{"start":{"line":173,"column":4},"end":{"line":173,"column":67}},"31":{"start":{"line":175,"column":4},"end":{"line":175,"column":49}},"32":{"start":{"line":176,"column":4},"end":{"line":176,"column":70}},"33":{"start":{"line":179,"column":4},"end":{"line":179,"column":54}},"34":{"start":{"line":181,"column":4},"end":{"line":181,"column":40}},"35":{"start":{"line":182,"column":4},"end":{"line":182,"column":16}},"36":{"start":{"line":191,"column":4},"end":{"line":191,"column":51}},"37":{"start":{"line":192,"column":4},"end":{"line":192,"column":16}},"38":{"start":{"line":203,"column":4},"end":{"line":203,"column":59}},"39":{"start":{"line":204,"column":4},"end":{"line":204,"column":53}},"40":{"start":{"line":205,"column":4},"end":{"line":205,"column":53}},"41":{"start":{"line":208,"column":4},"end":{"line":222,"column":5}},"42":{"start":{"line":210,"column":8},"end":{"line":210,"column":65}},"43":{"start":{"line":211,"column":8},"end":{"line":211,"column":14}},"44":{"start":{"line":213,"column":8},"end":{"line":213,"column":77}},"45":{"start":{"line":214,"column":8},"end":{"line":214,"column":14}},"46":{"start":{"line":216,"column":8},"end":{"line":216,"column":67}},"47":{"start":{"line":217,"column":8},"end":{"line":217,"column":50}},"48":{"start":{"line":218,"column":8},"end":{"line":218,"column":14}},"49":{"start":{"line":220,"column":8},"end":{"line":220,"column":68}},"50":{"start":{"line":221,"column":8},"end":{"line":221,"column":14}},"51":{"start":{"line":224,"column":4},"end":{"line":224,"column":16}},"52":{"start":{"line":233,"column":4},"end":{"line":233,"column":40}},"53":{"start":{"line":241,"column":4},"end":{"line":241,"column":35}},"54":{"start":{"line":249,"column":19},"end":{"line":249,"column":94}},"55":{"start":{"line":250,"column":20},"end":{"line":250,"column":43}},"56":{"start":{"line":252,"column":4},"end":{"line":254,"column":5}},"57":{"start":{"line":253,"column":6},"end":{"line":253,"column":15}},"58":{"start":{"line":256,"column":18},"end":{"line":256,"column":41}},"59":{"start":{"line":257,"column":4},"end":{"line":257,"column":34}},"60":{"start":{"line":266,"column":18},"end":{"line":266,"column":46}},"61":{"start":{"line":267,"column":4},"end":{"line":268,"column":59}},"62":{"start":{"line":276,"column":24},"end":{"line":276,"column":26}},"63":{"start":{"line":278,"column":4},"end":{"line":285,"column":5}},"64":{"start":{"line":279,"column":6},"end":{"line":284,"column":7}},"65":{"start":{"line":280,"column":8},"end":{"line":283,"column":13}},"66":{"start":{"line":280,"column":56},"end":{"line":283,"column":9}},"67":{"start":{"line":287,"column":4},"end":{"line":287,"column":23}},"68":{"start":{"line":295,"column":19},"end":{"line":295,"column":36}},"69":{"start":{"line":296,"column":24},"end":{"line":298,"column":12}},"70":{"start":{"line":297,"column":11},"end":{"line":297,"column":89}},"71":{"start":{"line":300,"column":26},"end":{"line":300,"column":54}},"72":{"start":{"line":302,"column":4},"end":{"line":315,"column":6}},"73":{"start":{"line":323,"column":4},"end":{"line":323,"column":49}},"74":{"start":{"line":324,"column":4},"end":{"line":324,"column":16}},"75":{"start":{"line":331,"column":4},"end":{"line":331,"column":36}},"76":{"start":{"line":332,"column":4},"end":{"line":332,"column":59}},"77":{"start":{"line":333,"column":4},"end":{"line":333,"column":16}},"78":{"start":{"line":334,"column":4},"end":{"line":334,"column":44}},"79":{"start":{"line":342,"column":4},"end":{"line":342,"column":37}},"80":{"start":{"line":343,"column":4},"end":{"line":343,"column":49}},"81":{"start":{"line":344,"column":4},"end":{"line":344,"column":59}},"82":{"start":{"line":345,"column":4},"end":{"line":345,"column":16}},"83":{"start":{"line":346,"column":4},"end":{"line":346,"column":55}},"84":{"start":{"line":350,"column":0},"end":{"line":350,"column":30}},"85":{"start":{"line":351,"column":0},"end":{"line":351,"column":41}}},"fnMap":{"0":{"name":"(anonymous_0)","decl":{"start":{"line":37,"column":2},"end":{"line":37,"column":3}},"loc":{"start":{"line":37,"column":35},"end":{"line":46,"column":3}},"line":37},"1":{"name":"(anonymous_1)","decl":{"start":{"line":53,"column":2},"end":{"line":53,"column":3}},"loc":{"start":{"line":53,"column":22},"end":{"line":64,"column":3}},"line":53},"2":{"name":"(anonymous_2)","decl":{"start":{"line":71,"column":2},"end":{"line":71,"column":3}},"loc":{"start":{"line":71,"column":23},"end":{"line":136,"column":3}},"line":71},"3":{"name":"(anonymous_3)","decl":{"start":{"line":143,"column":2},"end":{"line":143,"column":3}},"loc":{"start":{"line":143,"column":23},"end":{"line":147,"column":3}},"line":143},"4":{"name":"(anonymous_4)","decl":{"start":{"line":152,"column":2},"end":{"line":152,"column":3}},"loc":{"start":{"line":152,"column":9},"end":{"line":160,"column":3}},"line":152},"5":{"name":"(anonymous_5)","decl":{"start":{"line":168,"column":2},"end":{"line":168,"column":3}},"loc":{"start":{"line":168,"column":44},"end":{"line":183,"column":3}},"line":168},"6":{"name":"(anonymous_6)","decl":{"start":{"line":190,"column":2},"end":{"line":190,"column":3}},"loc":{"start":{"line":190,"column":38},"end":{"line":193,"column":3}},"line":190},"7":{"name":"(anonymous_7)","decl":{"start":{"line":202,"column":2},"end":{"line":202,"column":3}},"loc":{"start":{"line":202,"column":71},"end":{"line":225,"column":3}},"line":202},"8":{"name":"(anonymous_8)","decl":{"start":{"line":232,"column":2},"end":{"line":232,"column":3}},"loc":{"start":{"line":232,"column":22},"end":{"line":234,"column":3}},"line":232},"9":{"name":"(anonymous_9)","decl":{"start":{"line":240,"column":2},"end":{"line":240,"column":3}},"loc":{"start":{"line":240,"column":20},"end":{"line":242,"column":3}},"line":240},"10":{"name":"(anonymous_10)","decl":{"start":{"line":248,"column":2},"end":{"line":248,"column":3}},"loc":{"start":{"line":248,"column":25},"end":{"line":258,"column":3}},"line":248},"11":{"name":"(anonymous_11)","decl":{"start":{"line":265,"column":2},"end":{"line":265,"column":3}},"loc":{"start":{"line":265,"column":27},"end":{"line":269,"column":3}},"line":265},"12":{"name":"(anonymous_12)","decl":{"start":{"line":275,"column":2},"end":{"line":275,"column":3}},"loc":{"start":{"line":275,"column":19},"end":{"line":288,"column":3}},"line":275},"13":{"name":"(anonymous_13)","decl":{"start":{"line":280,"column":47},"end":{"line":280,"column":48}},"loc":{"start":{"line":280,"column":56},"end":{"line":283,"column":9}},"line":280},"14":{"name":"(anonymous_14)","decl":{"start":{"line":294,"column":2},"end":{"line":294,"column":3}},"loc":{"start":{"line":294,"column":14},"end":{"line":316,"column":3}},"line":294},"15":{"name":"(anonymous_15)","decl":{"start":{"line":297,"column":6},"end":{"line":297,"column":7}},"loc":{"start":{"line":297,"column":11},"end":{"line":297,"column":89}},"line":297},"16":{"name":"(anonymous_16)","decl":{"start":{"line":322,"column":2},"end":{"line":322,"column":3}},"loc":{"start":{"line":322,"column":24},"end":{"line":325,"column":3}},"line":322},"17":{"name":"(anonymous_17)","decl":{"start":{"line":330,"column":2},"end":{"line":330,"column":3}},"loc":{"start":{"line":330,"column":13},"end":{"line":335,"column":3}},"line":330},"18":{"name":"(anonymous_18)","decl":{"start":{"line":341,"column":2},"end":{"line":341,"column":3}},"loc":{"start":{"line":341,"column":20},"end":{"line":347,"column":3}},"line":341}},"branchMap":{"0":{"loc":{"start":{"line":38,"column":18},"end":{"line":38,"column":30}},"type":"binary-expr","locations":[{"start":{"line":38,"column":18},"end":{"line":38,"column":24}},{"start":{"line":38,"column":28},"end":{"line":38,"column":30}}],"line":38},"1":{"loc":{"start":{"line":54,"column":4},"end":{"line":63,"column":5}},"type":"if","locations":[{"start":{"line":54,"column":4},"end":{"line":63,"column":5}},{"start":{"line":54,"column":4},"end":{"line":63,"column":5}}],"line":54},"2":{"loc":{"start":{"line":153,"column":4},"end":{"line":156,"column":5}},"type":"if","locations":[{"start":{"line":153,"column":4},"end":{"line":156,"column":5}},{"start":{"line":153,"column":4},"end":{"line":156,"column":5}}],"line":153},"3":{"loc":{"start":{"line":168,"column":33},"end":{"line":168,"column":42}},"type":"default-arg","locations":[{"start":{"line":168,"column":40},"end":{"line":168,"column":42}}],"line":168},"4":{"loc":{"start":{"line":169,"column":4},"end":{"line":171,"column":5}},"type":"if","locations":[{"start":{"line":169,"column":4},"end":{"line":171,"column":5}},{"start":{"line":169,"column":4},"end":{"line":171,"column":5}}],"line":169},"5":{"loc":{"start":{"line":169,"column":8},"end":{"line":169,"column":74}},"type":"binary-expr","locations":[{"start":{"line":169,"column":8},"end":{"line":169,"column":19}},{"start":{"line":169,"column":23},"end":{"line":169,"column":41}},{"start":{"line":169,"column":45},"end":{"line":169,"column":74}}],"line":169},"6":{"loc":{"start":{"line":202,"column":44},"end":{"line":202,"column":54}},"type":"default-arg","locations":[{"start":{"line":202,"column":52},"end":{"line":202,"column":54}}],"line":202},"7":{"loc":{"start":{"line":202,"column":56},"end":{"line":202,"column":69}},"type":"default-arg","locations":[{"start":{"line":202,"column":67},"end":{"line":202,"column":69}}],"line":202},"8":{"loc":{"start":{"line":208,"column":4},"end":{"line":222,"column":5}},"type":"switch","locations":[{"start":{"line":209,"column":6},"end":{"line":211,"column":14}},{"start":{"line":212,"column":6},"end":{"line":214,"column":14}},{"start":{"line":215,"column":6},"end":{"line":218,"column":14}},{"start":{"line":219,"column":6},"end":{"line":221,"column":14}}],"line":208},"9":{"loc":{"start":{"line":252,"column":4},"end":{"line":254,"column":5}},"type":"if","locations":[{"start":{"line":252,"column":4},"end":{"line":254,"column":5}},{"start":{"line":252,"column":4},"end":{"line":254,"column":5}}],"line":252},"10":{"loc":{"start":{"line":257,"column":11},"end":{"line":257,"column":33}},"type":"cond-expr","locations":[{"start":{"line":257,"column":24},"end":{"line":257,"column":29}},{"start":{"line":257,"column":32},"end":{"line":257,"column":33}}],"line":257},"11":{"loc":{"start":{"line":267,"column":11},"end":{"line":268,"column":58}},"type":"binary-expr","locations":[{"start":{"line":267,"column":11},"end":{"line":267,"column":46}},{"start":{"line":268,"column":11},"end":{"line":268,"column":58}}],"line":267},"12":{"loc":{"start":{"line":279,"column":6},"end":{"line":284,"column":7}},"type":"if","locations":[{"start":{"line":279,"column":6},"end":{"line":284,"column":7}},{"start":{"line":279,"column":6},"end":{"line":284,"column":7}}],"line":279},"13":{"loc":{"start":{"line":279,"column":10},"end":{"line":279,"column":53}},"type":"binary-expr","locations":[{"start":{"line":279,"column":10},"end":{"line":279,"column":24}},{"start":{"line":279,"column":28},"end":{"line":279,"column":53}}],"line":279},"14":{"loc":{"start":{"line":297,"column":11},"end":{"line":297,"column":89}},"type":"binary-expr","locations":[{"start":{"line":297,"column":11},"end":{"line":297,"column":42}},{"start":{"line":297,"column":46},"end":{"line":297,"column":89}}],"line":297}},"s":{"0":0,"1":0,"2":0,"3":0,"4":0,"5":0,"6":0,"7":0,"8":0,"9":0,"10":0,"11":0,"12":0,"13":0,"14":0,"15":0,"16":0,"17":0,"18":0,"19":0,"20":0,"21":0,"22":0,"23":0,"24":0,"25":0,"26":0,"27":0,"28":0,"29":0,"30":0,"31":0,"32":0,"33":0,"34":0,"35":0,"36":0,"37":0,"38":0,"39":0,"40":0,"41":0,"42":0,"43":0,"44":0,"45":0,"46":0,"47":0,"48":0,"49":0,"50":0,"51":0,"52":0,"53":0,"54":0,"55":0,"56":0,"57":0,"58":0,"59":0,"60":0,"61":0,"62":0,"63":0,"64":0,"65":0,"66":0,"67":0,"68":0,"69":0,"70":0,"71":0,"72":0,"73":0,"74":0,"75":0,"76":0,"77":0,"78":0,"79":0,"80":0,"81":0,"82":0,"83":0,"84":0,"85":0},"f":{"0":0,"1":0,"2":0,"3":0,"4":0,"5":0,"6":0,"7":0,"8":0,"9":0,"10":0,"11":0,"12":0,"13":0,"14":0,"15":0,"16":0,"17":0,"18":0},"b":{"0":[0,0],"1":[0,0],"2":[0,0],"3":[0],"4":[0,0],"5":[0,0,0],"6":[0],"7":[0],"8":[0,0,0,0],"9":[0,0],"10":[0,0],"11":[0,0],"12":[0,0],"13":[0,0],"14":[0,0]},"all":true},"/home/ouyp/Learning/Practice/openclaw-universe/projects/clawdevflow/04_coding/src/cdf-orchestrator/workflow-orchestrator.js":{"path":"/home/ouyp/Learning/Practice/openclaw-universe/projects/clawdevflow/04_coding/src/cdf-orchestrator/workflow-orchestrator.js","statementMap":{"0":{"start":{"line":12,"column":13},"end":{"line":12,"column":28}},"1":{"start":{"line":13,"column":22},"end":{"line":13,"column":49}},"2":{"start":{"line":14,"column":21},"end":{"line":14,"column":47}},"3":{"start":{"line":15,"column":27},"end":{"line":15,"column":80}},"4":{"start":{"line":16,"column":20},"end":{"line":16,"column":47}},"5":{"start":{"line":17,"column":14},"end":{"line":17,"column":31}},"6":{"start":{"line":18,"column":20},"end":{"line":18,"column":58}},"7":{"start":{"line":23,"column":23},"end":{"line":30,"column":1}},"8":{"start":{"line":41,"column":4},"end":{"line":41,"column":31}},"9":{"start":{"line":42,"column":4},"end":{"line":42,"column":51}},"10":{"start":{"line":43,"column":4},"end":{"line":43,"column":29}},"11":{"start":{"line":44,"column":4},"end":{"line":44,"column":61}},"12":{"start":{"line":46,"column":4},"end":{"line":46,"column":54}},"13":{"start":{"line":47,"column":4},"end":{"line":47,"column":77}},"14":{"start":{"line":70,"column":4},"end":{"line":70,"column":20}},"15":{"start":{"line":71,"column":4},"end":{"line":71,"column":81}},"16":{"start":{"line":72,"column":4},"end":{"line":72,"column":76}},"17":{"start":{"line":73,"column":4},"end":{"line":73,"column":81}},"18":{"start":{"line":74,"column":4},"end":{"line":74,"column":20}},"19":{"start":{"line":76,"column":56},"end":{"line":76,"column":70}},"20":{"start":{"line":78,"column":4},"end":{"line":157,"column":5}},"21":{"start":{"line":80,"column":6},"end":{"line":80,"column":65}},"22":{"start":{"line":81,"column":6},"end":{"line":81,"column":69}},"23":{"start":{"line":82,"column":6},"end":{"line":82,"column":105}},"24":{"start":{"line":83,"column":6},"end":{"line":83,"column":93}},"25":{"start":{"line":84,"column":6},"end":{"line":84,"column":22}},"26":{"start":{"line":87,"column":6},"end":{"line":87,"column":65}},"27":{"start":{"line":88,"column":6},"end":{"line":88,"column":22}},"28":{"start":{"line":90,"column":6},"end":{"line":111,"column":7}},"29":{"start":{"line":90,"column":19},"end":{"line":90,"column":20}},"30":{"start":{"line":91,"column":26},"end":{"line":91,"column":43}},"31":{"start":{"line":92,"column":28},"end":{"line":92,"column":78}},"32":{"start":{"line":94,"column":8},"end":{"line":103,"column":9}},"33":{"start":{"line":95,"column":10},"end":{"line":95,"column":72}},"34":{"start":{"line":96,"column":10},"end":{"line":96,"column":83}},"35":{"start":{"line":97,"column":10},"end":{"line":102,"column":12}},"36":{"start":{"line":106,"column":8},"end":{"line":110,"column":9}},"37":{"start":{"line":107,"column":10},"end":{"line":107,"column":26}},"38":{"start":{"line":108,"column":10},"end":{"line":108,"column":95}},"39":{"start":{"line":109,"column":10},"end":{"line":109,"column":26}},"40":{"start":{"line":113,"column":6},"end":{"line":113,"column":22}},"41":{"start":{"line":114,"column":6},"end":{"line":114,"column":65}},"42":{"start":{"line":115,"column":6},"end":{"line":115,"column":22}},"43":{"start":{"line":118,"column":6},"end":{"line":118,"column":35}},"44":{"start":{"line":121,"column":6},"end":{"line":121,"column":64}},"45":{"start":{"line":122,"column":21},"end":{"line":122,"column":50}},"46":{"start":{"line":123,"column":6},"end":{"line":123,"column":56}},"47":{"start":{"line":124,"column":6},"end":{"line":124,"column":22}},"48":{"start":{"line":127,"column":6},"end":{"line":127,"column":83}},"49":{"start":{"line":128,"column":6},"end":{"line":128,"column":78}},"50":{"start":{"line":129,"column":6},"end":{"line":129,"column":83}},"51":{"start":{"line":130,"column":6},"end":{"line":130,"column":22}},"52":{"start":{"line":131,"column":6},"end":{"line":131,"column":50}},"53":{"start":{"line":132,"column":6},"end":{"line":132,"column":48}},"54":{"start":{"line":133,"column":6},"end":{"line":133,"column":108}},"55":{"start":{"line":134,"column":6},"end":{"line":134,"column":52}},"56":{"start":{"line":135,"column":6},"end":{"line":135,"column":73}},"57":{"start":{"line":136,"column":6},"end":{"line":136,"column":73}},"58":{"start":{"line":137,"column":6},"end":{"line":137,"column":22}},"59":{"start":{"line":139,"column":6},"end":{"line":143,"column":8}},"60":{"start":{"line":146,"column":6},"end":{"line":146,"column":73}},"61":{"start":{"line":148,"column":6},"end":{"line":150,"column":7}},"62":{"start":{"line":149,"column":8},"end":{"line":149,"column":51}},"63":{"start":{"line":152,"column":6},"end":{"line":156,"column":8}},"64":{"start":{"line":168,"column":4},"end":{"line":168,"column":20}},"65":{"start":{"line":169,"column":4},"end":{"line":169,"column":84}},"66":{"start":{"line":170,"column":4},"end":{"line":170,"column":73}},"67":{"start":{"line":171,"column":4},"end":{"line":171,"column":84}},"68":{"start":{"line":172,"column":4},"end":{"line":172,"column":20}},"69":{"start":{"line":174,"column":4},"end":{"line":221,"column":5}},"70":{"start":{"line":176,"column":6},"end":{"line":176,"column":68}},"71":{"start":{"line":179,"column":20},"end":{"line":179,"column":75}},"72":{"start":{"line":182,"column":26},"end":{"line":186,"column":7}},"73":{"start":{"line":188,"column":6},"end":{"line":190,"column":7}},"74":{"start":{"line":189,"column":8},"end":{"line":189,"column":60}},"75":{"start":{"line":193,"column":6},"end":{"line":193,"column":72}},"76":{"start":{"line":196,"column":6},"end":{"line":196,"column":70}},"77":{"start":{"line":199,"column":6},"end":{"line":199,"column":53}},"78":{"start":{"line":200,"column":29},"end":{"line":205,"column":7}},"79":{"start":{"line":208,"column":6},"end":{"line":213,"column":8}},"80":{"start":{"line":216,"column":6},"end":{"line":216,"column":88}},"81":{"start":{"line":219,"column":6},"end":{"line":219,"column":84}},"82":{"start":{"line":220,"column":6},"end":{"line":220,"column":54}},"83":{"start":{"line":232,"column":46},"end":{"line":232,"column":60}},"84":{"start":{"line":234,"column":18},"end":{"line":237,"column":5}},"85":{"start":{"line":240,"column":4},"end":{"line":259,"column":5}},"86":{"start":{"line":242,"column":8},"end":{"line":242,"column":70}},"87":{"start":{"line":243,"column":8},"end":{"line":243,"column":70}},"88":{"start":{"line":244,"column":8},"end":{"line":244,"column":14}},"89":{"start":{"line":247,"column":8},"end":{"line":247,"column":70}},"90":{"start":{"line":248,"column":8},"end":{"line":248,"column":70}},"91":{"start":{"line":249,"column":8},"end":{"line":249,"column":80}},"92":{"start":{"line":250,"column":8},"end":{"line":250,"column":14}},"93":{"start":{"line":253,"column":8},"end":{"line":253,"column":76}},"94":{"start":{"line":254,"column":8},"end":{"line":254,"column":14}},"95":{"start":{"line":257,"column":8},"end":{"line":257,"column":63}},"96":{"start":{"line":258,"column":8},"end":{"line":258,"column":14}},"97":{"start":{"line":261,"column":4},"end":{"line":261,"column":17}},"98":{"start":{"line":273,"column":4},"end":{"line":273,"column":20}},"99":{"start":{"line":274,"column":4},"end":{"line":274,"column":53}},"100":{"start":{"line":275,"column":4},"end":{"line":275,"column":51}},"101":{"start":{"line":276,"column":4},"end":{"line":276,"column":62}},"102":{"start":{"line":277,"column":4},"end":{"line":277,"column":20}},"103":{"start":{"line":279,"column":4},"end":{"line":307,"column":5}},"104":{"start":{"line":281,"column":8},"end":{"line":281,"column":61}},"105":{"start":{"line":282,"column":8},"end":{"line":282,"column":33}},"106":{"start":{"line":285,"column":8},"end":{"line":285,"column":66}},"107":{"start":{"line":286,"column":8},"end":{"line":286,"column":64}},"108":{"start":{"line":287,"column":8},"end":{"line":287,"column":33}},"109":{"start":{"line":290,"column":22},"end":{"line":290,"column":59}},"110":{"start":{"line":291,"column":8},"end":{"line":294,"column":9}},"111":{"start":{"line":292,"column":10},"end":{"line":292,"column":65}},"112":{"start":{"line":293,"column":10},"end":{"line":293,"column":55}},"113":{"start":{"line":296,"column":8},"end":{"line":296,"column":63}},"114":{"start":{"line":298,"column":8},"end":{"line":298,"column":66}},"115":{"start":{"line":301,"column":8},"end":{"line":301,"column":60}},"116":{"start":{"line":303,"column":8},"end":{"line":303,"column":49}},"117":{"start":{"line":306,"column":8},"end":{"line":306,"column":78}},"118":{"start":{"line":316,"column":4},"end":{"line":316,"column":20}},"119":{"start":{"line":317,"column":4},"end":{"line":317,"column":81}},"120":{"start":{"line":318,"column":4},"end":{"line":318,"column":77}},"121":{"start":{"line":319,"column":4},"end":{"line":319,"column":81}},"122":{"start":{"line":320,"column":4},"end":{"line":320,"column":20}},"123":{"start":{"line":323,"column":4},"end":{"line":323,"column":67}},"124":{"start":{"line":324,"column":4},"end":{"line":324,"column":89}},"125":{"start":{"line":325,"column":4},"end":{"line":325,"column":94}},"126":{"start":{"line":326,"column":4},"end":{"line":326,"column":20}},"127":{"start":{"line":329,"column":25},"end":{"line":329,"column":65}},"128":{"start":{"line":331,"column":4},"end":{"line":352,"column":5}},"129":{"start":{"line":331,"column":17},"end":{"line":331,"column":29}},"130":{"start":{"line":332,"column":24},"end":{"line":332,"column":41}},"131":{"start":{"line":333,"column":20},"end":{"line":333,"column":57}},"132":{"start":{"line":336,"column":6},"end":{"line":339,"column":7}},"133":{"start":{"line":337,"column":8},"end":{"line":337,"column":71}},"134":{"start":{"line":338,"column":8},"end":{"line":338,"column":17}},"135":{"start":{"line":342,"column":6},"end":{"line":342,"column":65}},"136":{"start":{"line":343,"column":21},"end":{"line":347,"column":8}},"137":{"start":{"line":349,"column":6},"end":{"line":351,"column":7}},"138":{"start":{"line":350,"column":8},"end":{"line":350,"column":22}},"139":{"start":{"line":355,"column":4},"end":{"line":355,"column":33}},"140":{"start":{"line":357,"column":4},"end":{"line":361,"column":6}},"141":{"start":{"line":365,"column":0},"end":{"line":365,"column":38}}},"fnMap":{"0":{"name":"(anonymous_0)","decl":{"start":{"line":40,"column":2},"end":{"line":40,"column":3}},"loc":{"start":{"line":40,"column":22},"end":{"line":48,"column":3}},"line":40},"1":{"name":"(anonymous_1)","decl":{"start":{"line":69,"column":2},"end":{"line":69,"column":3}},"loc":{"start":{"line":69,"column":32},"end":{"line":158,"column":3}},"line":69},"2":{"name":"(anonymous_2)","decl":{"start":{"line":167,"column":2},"end":{"line":167,"column":3}},"loc":{"start":{"line":167,"column":48},"end":{"line":222,"column":3}},"line":167},"3":{"name":"(anonymous_3)","decl":{"start":{"line":231,"column":2},"end":{"line":231,"column":3}},"loc":{"start":{"line":231,"column":53},"end":{"line":262,"column":3}},"line":231},"4":{"name":"(anonymous_4)","decl":{"start":{"line":272,"column":2},"end":{"line":272,"column":3}},"loc":{"start":{"line":272,"column":72},"end":{"line":308,"column":3}},"line":272},"5":{"name":"(anonymous_5)","decl":{"start":{"line":315,"column":2},"end":{"line":315,"column":3}},"loc":{"start":{"line":315,"column":28},"end":{"line":362,"column":3}},"line":315}},"branchMap":{"0":{"loc":{"start":{"line":41,"column":18},"end":{"line":41,"column":30}},"type":"binary-expr","locations":[{"start":{"line":41,"column":18},"end":{"line":41,"column":24}},{"start":{"line":41,"column":28},"end":{"line":41,"column":30}}],"line":41},"1":{"loc":{"start":{"line":94,"column":8},"end":{"line":103,"column":9}},"type":"if","locations":[{"start":{"line":94,"column":8},"end":{"line":103,"column":9}},{"start":{"line":94,"column":8},"end":{"line":103,"column":9}}],"line":94},"2":{"loc":{"start":{"line":106,"column":8},"end":{"line":110,"column":9}},"type":"if","locations":[{"start":{"line":106,"column":8},"end":{"line":110,"column":9}},{"start":{"line":106,"column":8},"end":{"line":110,"column":9}}],"line":106},"3":{"loc":{"start":{"line":148,"column":6},"end":{"line":150,"column":7}},"type":"if","locations":[{"start":{"line":148,"column":6},"end":{"line":150,"column":7}},{"start":{"line":148,"column":6},"end":{"line":150,"column":7}}],"line":148},"4":{"loc":{"start":{"line":154,"column":20},"end":{"line":154,"column":68}},"type":"binary-expr","locations":[{"start":{"line":154,"column":20},"end":{"line":154,"column":55}},{"start":{"line":154,"column":59},"end":{"line":154,"column":68}}],"line":154},"5":{"loc":{"start":{"line":188,"column":6},"end":{"line":190,"column":7}},"type":"if","locations":[{"start":{"line":188,"column":6},"end":{"line":190,"column":7}},{"start":{"line":188,"column":6},"end":{"line":190,"column":7}}],"line":188},"6":{"loc":{"start":{"line":240,"column":4},"end":{"line":259,"column":5}},"type":"switch","locations":[{"start":{"line":241,"column":6},"end":{"line":244,"column":14}},{"start":{"line":246,"column":6},"end":{"line":250,"column":14}},{"start":{"line":252,"column":6},"end":{"line":254,"column":14}},{"start":{"line":256,"column":6},"end":{"line":258,"column":14}}],"line":240},"7":{"loc":{"start":{"line":279,"column":4},"end":{"line":307,"column":5}},"type":"switch","locations":[{"start":{"line":280,"column":6},"end":{"line":282,"column":33}},{"start":{"line":284,"column":6},"end":{"line":287,"column":33}},{"start":{"line":289,"column":6},"end":{"line":298,"column":66}},{"start":{"line":300,"column":6},"end":{"line":303,"column":49}},{"start":{"line":305,"column":6},"end":{"line":306,"column":78}}],"line":279},"8":{"loc":{"start":{"line":291,"column":8},"end":{"line":294,"column":9}},"type":"if","locations":[{"start":{"line":291,"column":8},"end":{"line":294,"column":9}},{"start":{"line":291,"column":8},"end":{"line":294,"column":9}}],"line":291},"9":{"loc":{"start":{"line":325,"column":48},"end":{"line":325,"column":90}},"type":"binary-expr","locations":[{"start":{"line":325,"column":48},"end":{"line":325,"column":83}},{"start":{"line":325,"column":87},"end":{"line":325,"column":90}}],"line":325},"10":{"loc":{"start":{"line":336,"column":6},"end":{"line":339,"column":7}},"type":"if","locations":[{"start":{"line":336,"column":6},"end":{"line":339,"column":7}},{"start":{"line":336,"column":6},"end":{"line":339,"column":7}}],"line":336},"11":{"loc":{"start":{"line":349,"column":6},"end":{"line":351,"column":7}},"type":"if","locations":[{"start":{"line":349,"column":6},"end":{"line":351,"column":7}},{"start":{"line":349,"column":6},"end":{"line":351,"column":7}}],"line":349}},"s":{"0":0,"1":0,"2":0,"3":0,"4":0,"5":0,"6":0,"7":0,"8":0,"9":0,"10":0,"11":0,"12":0,"13":0,"14":0,"15":0,"16":0,"17":0,"18":0,"19":0,"20":0,"21":0,"22":0,"23":0,"24":0,"25":0,"26":0,"27":0,"28":0,"29":0,"30":0,"31":0,"32":0,"33":0,"34":0,"35":0,"36":0,"37":0,"38":0,"39":0,"40":0,"41":0,"42":0,"43":0,"44":0,"45":0,"46":0,"47":0,"48":0,"49":0,"50":0,"51":0,"52":0,"53":0,"54":0,"55":0,"56":0,"57":0,"58":0,"59":0,"60":0,"61":0,"62":0,"63":0,"64":0,"65":0,"66":0,"67":0,"68":0,"69":0,"70":0,"71":0,"72":0,"73":0,"74":0,"75":0,"76":0,"77":0,"78":0,"79":0,"80":0,"81":0,"82":0,"83":0,"84":0,"85":0,"86":0,"87":0,"88":0,"89":0,"90":0,"91":0,"92":0,"93":0,"94":0,"95":0,"96":0,"97":0,"98":0,"99":0,"100":0,"101":0,"102":0,"103":0,"104":0,"105":0,"106":0,"107":0,"108":0,"109":0,"110":0,"111":0,"112":0,"113":0,"114":0,"115":0,"116":0,"117":0,"118":0,"119":0,"120":0,"121":0,"122":0,"123":0,"124":0,"125":0,"126":0,"127":0,"128":0,"129":0,"130":0,"131":0,"132":0,"133":0,"134":0,"135":0,"136":0,"137":0,"138":0,"139":0,"140":0,"141":0},"f":{"0":0,"1":0,"2":0,"3":0,"4":0,"5":0},"b":{"0":[0,0],"1":[0,0],"2":[0,0],"3":[0,0],"4":[0,0],"5":[0,0],"6":[0,0,0,0],"7":[0,0,0,0,0],"8":[0,0],"9":[0,0],"10":[0,0],"11":[0,0]},"all":true},"/home/ouyp/Learning/Practice/openclaw-universe/projects/clawdevflow/04_coding/src/review-agents/code-checkpoints.js":{"path":"/home/ouyp/Learning/Practice/openclaw-universe/projects/clawdevflow/04_coding/src/review-agents/code-checkpoints.js","statementMap":{"0":{"start":{"line":11,"column":0},"end":{"line":60,"column":2}}},"fnMap":{},"branchMap":{},"s":{"0":0},"f":{},"b":{},"all":true},"/home/ouyp/Learning/Practice/openclaw-universe/projects/clawdevflow/04_coding/src/review-agents/review-code.js":{"path":"/home/ouyp/Learning/Practice/openclaw-universe/projects/clawdevflow/04_coding/src/review-agents/review-code.js","statementMap":{"0":{"start":{"line":12,"column":24},"end":{"line":12,"column":72}},"1":{"start":{"line":13,"column":24},"end":{"line":13,"column":53}},"2":{"start":{"line":14,"column":11},"end":{"line":14,"column":24}},"3":{"start":{"line":15,"column":13},"end":{"line":15,"column":28}},"4":{"start":{"line":16,"column":17},"end":{"line":16,"column":41}},"5":{"start":{"line":17,"column":22},"end":{"line":17,"column":37}},"6":{"start":{"line":19,"column":18},"end":{"line":19,"column":33}},"7":{"start":{"line":38,"column":4},"end":{"line":38,"column":28}},"8":{"start":{"line":46,"column":4},"end":{"line":46,"column":27}},"9":{"start":{"line":56,"column":4},"end":{"line":56,"column":76}},"10":{"start":{"line":58,"column":4},"end":{"line":67,"column":5}},"11":{"start":{"line":60,"column":8},"end":{"line":60,"column":42}},"12":{"start":{"line":62,"column":8},"end":{"line":62,"column":45}},"13":{"start":{"line":64,"column":8},"end":{"line":64,"column":44}},"14":{"start":{"line":66,"column":8},"end":{"line":66,"column":50}},"15":{"start":{"line":80,"column":4},"end":{"line":145,"column":5}},"16":{"start":{"line":81,"column":22},"end":{"line":81,"column":54}},"17":{"start":{"line":84,"column":31},"end":{"line":84,"column":67}},"18":{"start":{"line":85,"column":30},"end":{"line":85,"column":63}},"19":{"start":{"line":87,"column":6},"end":{"line":90,"column":7}},"20":{"start":{"line":88,"column":8},"end":{"line":88,"column":63}},"21":{"start":{"line":89,"column":8},"end":{"line":89,"column":20}},"22":{"start":{"line":93,"column":6},"end":{"line
[...]
:{"line":20,"column":2},"end":{"line":20,"column":3}},"loc":{"start":{"line":20,"column":22},"end":{"line":31,"column":3}},"line":20},"1":{"name":"(anonymous_1)","decl":{"start":{"line":51,"column":2},"end":{"line":51,"column":3}},"loc":{"start":{"line":51,"column":44},"end":{"line":67,"column":3}},"line":51},"2":{"name":"(anonymous_2)","decl":{"start":{"line":75,"column":2},"end":{"line":75,"column":3}},"loc":{"start":{"line":75,"column":29},"end":{"line":97,"column":3}},"line":75},"3":{"name":"(anonymous_3)","decl":{"start":{"line":93,"column":17},"end":{"line":93,"column":18}},"loc":{"start":{"line":93,"column":27},"end":{"line":93,"column":68}},"line":93},"4":{"name":"(anonymous_4)","decl":{"start":{"line":106,"column":2},"end":{"line":106,"column":3}},"loc":{"start":{"line":106,"column":42},"end":{"line":116,"column":3}},"line":106},"5":{"name":"(anonymous_5)","decl":{"start":{"line":125,"column":2},"end":{"line":125,"column":3}},"loc":{"start":{"line":125,"column":39},"end":{"line":133,"column":3}},"line":125},"6":{"name":"(anonymous_6)","decl":{"start":{"line":141,"column":2},"end":{"line":141,"column":3}},"loc":{"start":{"line":141,"column":29},"end":{"line":156,"column":3}},"line":141},"7":{"name":"(anonymous_7)","decl":{"start":{"line":147,"column":48},"end":{"line":147,"column":49}},"loc":{"start":{"line":147,"column":57},"end":{"line":151,"column":9}},"line":147},"8":{"name":"(anonymous_8)","decl":{"start":{"line":164,"column":2},"end":{"line":164,"column":3}},"loc":{"start":{"line":164,"column":29},"end":{"line":212,"column":3}},"line":164}},"branchMap":{"0":{"loc":{"start":{"line":21,"column":18},"end":{"line":21,"column":30}},"type":"binary-expr","locations":[{"start":{"line":21,"column":18},"end":{"line":21,"column":24}},{"start":{"line":21,"column":28},"end":{"line":21,"column":30}}],"line":21},"1":{"loc":{"start":{"line":25,"column":4},"end":{"line":28,"column":5}},"type":"if","locations":[{"start":{"line":25,"column":4},"end":{"line":28,"column":5}},{"start":{"line":25,"column":4},"end":{"line":28,"column":5}}],"line":25},"2":{"loc":{"start":{"line":78,"column":4},"end":{"line":80,"column":5}},"type":"if","locations":[{"start":{"line":78,"column":4},"end":{"line":80,"column":5}},{"start":{"line":78,"column":4},"end":{"line":80,"column":5}}],"line":78},"3":{"loc":{"start":{"line":85,"column":6},"end":{"line":89,"column":7}},"type":"if","locations":[{"start":{"line":85,"column":6},"end":{"line":89,"column":7}},{"start":{"line":85,"column":6},"end":{"line":89,"column":7}}],"line":85},"4":{"loc":{"start":{"line":110,"column":6},"end":{"line":112,"column":7}},"type":"if","locations":[{"start":{"line":110,"column":6},"end":{"line":112,"column":7}},{"start":{"line":110,"column":6},"end":{"line":112,"column":7}}],"line":110},"5":{"loc":{"start":{"line":128,"column":4},"end":{"line":130,"column":5}},"type":"if","locations":[{"start":{"line":128,"column":4},"end":{"line":130,"column":5}},{"start":{"line":128,"column":4},"end":{"line":130,"column":5}}],"line":128},"6":{"loc":{"start":{"line":132,"column":11},"end":{"line":132,"column":74}},"type":"binary-expr","locations":[{"start":{"line":132,"column":11},"end":{"line":132,"column":37}},{"start":{"line":132,"column":41},"end":{"line":132,"column":74}}],"line":132},"7":{"loc":{"start":{"line":146,"column":6},"end":{"line":152,"column":7}},"type":"if","locations":[{"start":{"line":146,"column":6},"end":{"line":152,"column":7}},{"start":{"line":146,"column":6},"end":{"line":152,"column":7}}],"line":146},"8":{"loc":{"start":{"line":146,"column":10},"end":{"line":146,"column":55}},"type":"binary-expr","locations":[{"start":{"line":146,"column":10},"end":{"line":146,"column":25}},{"start":{"line":146,"column":29},"end":{"line":146,"column":55}}],"line":146},"9":{"loc":{"start":{"line":182,"column":6},"end":{"line":188,"column":7}},"type":"if","locations":[{"start":{"line":182,"column":6},"end":{"line":188,"column":7}},{"start":{"line":182,"column":6},"end":{"line":188,"column":7}}],"line":182},"10":{"loc":{"start":{"line":193,"column":6},"end":{"line":196,"column":7}},"type":"if","locations":[{"start":{"line":193,"column":6},"end":{"line":196,"column":7}},{"start":{"line":193,"column":6},"end":{"line":196,"column":7}}],"line":193},"11":{"loc":{"start":{"line":193,"column":10},"end":{"line":193,"column":73}},"type":"binary-expr","locations":[{"start":{"line":193,"column":10},"end":{"line":193,"column":36}},{"start":{"line":193,"column":40},"end":{"line":193,"column":73}}],"line":193},"12":{"loc":{"start":{"line":198,"column":6},"end":{"line":201,"column":7}},"type":"if","locations":[{"start":{"line":198,"column":6},"end":{"line":201,"column":7}},{"start":{"line":198,"column":6},"end":{"line":201,"column":7}}],"line":198},"13":{"loc":{"start":{"line":203,"column":6},"end":{"line":206,"column":7}},"type":"if","locations":[{"start":{"line":203,"column":6},"end":{"line":206,"column":7}},{"start":{"line":203,"column":6},"end":{"line":206,"column":7}}],"line":203},"14":{"loc":{"start":{"line":203,"column":10},"end":{"line":203,"column":46}},"type":"binary-expr","locations":[{"start":{"line":203,"column":10},"end":{"line":203,"column":22}},{"start":{"line":203,"column":26},"end":{"line":203,"column":46}}],"line":203},"15":{"loc":{"start":{"line":209,"column":26},"end":{"line":209,"column":80}},"type":"cond-expr","locations":[{"start":{"line":209,"column":43},"end":{"line":209,"column":76}},{"start":{"line":209,"column":79},"end":{"line":209,"column":80}}],"line":209}},"s":{"0":0,"1":0,"2":0,"3":0,"4":0,"5":0,"6":0,"7":0,"8":0,"9":0,"10":0,"11":0,"12":0,"13":0,"14":0,"15":0,"16":0,"17":0,"18":0,"19":0,"20":0,"21":0,"22":0,"23":0,"24":0,"25":0,"26":0,"27":0,"28":0,"29":0,"30":0,"31":0,"32":0,"33":0,"34":0,"35":0,"36":0,"37":0,"38":0,"39":0,"40":0,"41":0,"42":0,"43":0,"44":0,"45":0,"46":0,"47":0,"48":0,"49":0,"50":0,"51":0,"52":0,"53":0,"54":0,"55":0,"56":0,"57":0,"58":0,"59":0,"60":0,"61":0,"62":0,"63":0,"64":0,"65":0,"66":0},"f":{"0":0,"1":0,"2":0,"3":0,"4":0,"5":0,"6":0,"7":0,"8":0},"b":{"0":[0,0],"1":[0,0],"2":[0,0],"3":[0,0],"4":[0,0],"5":[0,0],"6":[0,0],"7":[0,0],"8":[0,0],"9":[0,0],"10":[0,0],"11":[0,0],"12":[0,0],"13":[0,0],"14":[0,0],"15":[0,0]},"all":true},"/home/ouyp/Learning/Practice/openclaw-universe/projects/clawdevflow/04_coding/src/review-orchestrator/review-workflow.js":{"path":"/home/ouyp/Learning/Practice/openclaw-universe/projects/clawdevflow/04_coding/src/review-orchestrator/review-workflow.js","statementMap":{"0":{"start":{"line":12,"column":11},"end":{"line":12,"column":24}},"1":{"start":{"line":13,"column":13},"end":{"line":13,"column":28}},"2":{"start":{"line":14,"column":31},"end":{"line":14,"column":87}},"3":{"start":{"line":15,"column":29},"end":{"line":15,"column":64}},"4":{"start":{"line":26,"column":4},"end":{"line":26,"column":31}},"5":{"start":{"line":27,"column":4},"end":{"line":27,"column":56}},"6":{"start":{"line":28,"column":4},"end":{"line":28,"column":45}},"7":{"start":{"line":29,"column":4},"end":{"line":29,"column":57}},"8":{"start":{"line":30,"column":4},"end":{"line":30,"column":51}},"9":{"start":{"line":32,"column":4},"end":{"line":32,"column":51}},"10":{"start":{"line":33,"column":4},"end":{"line":33,"column":67}},"11":{"start":{"line":34,"column":4},"end":{"line":34,"column":76}},"12":{"start":{"line":54,"column":4},"end":{"line":54,"column":20}},"13":{"start":{"line":55,"column":4},"end":{"line":55,"column":78}},"14":{"start":{"line":56,"column":4},"end":{"line":56,"column":44}},"15":{"start":{"line":57,"column":4},"end":{"line":57,"column":55}},"16":{"start":{"line":58,"column":4},"end":{"line":58,"column":57}},"17":{"start":{"line":59,"column":4},"end":{"line":59,"column":78}},"18":{"start":{"line":60,"column":4},"end":{"line":60,"column":20}},"19":{"start":{"line":62,"column":4},"end":{"line":106,"column":5}},"20":{"start":{"line":64,"column":6},"end":{"line":64,"column":57}},"21":{"start":{"line":65,"column":26},"end":{"line":70,"column":7}},"22":{"start":{"line":71,"column":6},"end":{"line":71,"column":64}},"23":{"start":{"line":72,"column":6},"end":{"line":72,"column":22}},"24":{"start":{"line":75,"column":6},"end":{"line":75,"column":56}},"25":{"start":{"line":76,"column":6},"end":{"line":76,"column":69}},"26":{"start":{"line":77,"column":6},"end":{"line":77,"column":48}},"27":{"start":{"line":78,"column":6},"end":{"line":78,"column":22}},"28":{"start":{"line":81,"column":6},"end":{"line":81,"column":57}},"29":{"start":{"line":82,"column":6},"end":{"line":82,"column":69}},"30":{"start":{"line":83,"column":6},"end":{"line":83,"column":78}},"31":{"start":{"line":84,"column":27},"end":{"line":84,"column":64}},"32":{"start":{"line":85,"column":6},"end":{"line":85,"column":46}},"33":{"start":{"line":86,"column":6},"end":{"line":86,"column":22}},"34":{"start":{"line":89,"column":6},"end":{"line":89,"column":57}},"35":{"start":{"line":90,"column":23},"end":{"line":90,"column":73}},"36":{"start":{"line":91,"column":6},"end":{"line":91,"column":49}},"37":{"start":{"line":92,"column":6},"end":{"line":92,"column":22}},"38":{"start":{"line":95,"column":6},"end":{"line":95,"column":80}},"39":{"start":{"line":96,"column":6},"end":{"line":96,"column":46}},"40":{"start":{"line":97,"column":6},"end":{"line":97,"column":65}},"41":{"start":{"line":98,"column":6},"end":{"line":98,"column":76}},"42":{"start":{"line":99,"column":6},"end":{"line":99,"column":80}},"43":{"start":{"line":101,"column":6},"end":{"line":101,"column":22}},"44":{"start":{"line":104,"column":6},"end":{"line":104,"column":66}},"45":{"start":{"line":105,"column":6},"end":{"line":105,"column":18}},"46":{"start":{"line":117,"column":19},"end":{"line":119,"column":13}},"47":{"start":{"line":121,"column":20},"end":{"line":138,"column":8}},"48":{"start":{"line":140,"column":4},"end":{"line":140,"column":43}},"49":{"start":{"line":141,"column":4},"end":{"line":141,"column":25}},"50":{"start":{"line":154,"column":22},"end":{"line":154,"column":32}},"51":{"start":{"line":155,"column":25},"end":{"line":155,"column":57}},"52":{"start":{"line":157,"column":4},"end":{"line":157,"column":49}},"53":{"start":{"line":159,"column":4},"end":{"line":202,"column":5}},"54":{"start":{"line":161,"column":22},"end":{"line":161,"column":44}},"55":{"start":{"line":162,"column":6},"end":{"line":164,"column":7}},"56":{"start":{"line":163,"column":8},"end":{"line":163,"column":82}},"57":{"start":{"line":167,"column":6},"end":{"line":167,"column":42}},"58":{"start":{"line":170,"column":6},"end":{"line":201,"column":7}},"59":{"start":{"line":171,"column":22},"end":{"line":171,"column":46}},"60":{"start":{"line":172,"column":8},"end":{"line":194,"column":9}},"61":{"start":{"line":173,"column":10},"end":{"line":173,"column":56}},"62":{"start":{"line":176,"column":25},"end":{"line":176,"column":65}},"63":{"start":{"line":179,"column":10},"end":{"line":184,"column":11}},"64":{"start":{"line":180,"column":12},"end":{"line":180,"column":59}},"65":{"start":{"line":181,"column":12},"end":{"line":181,"column":68}},"66":{"start":{"line":181,"column":41},"end":{"line":181,"column":66}},"67":{"start":{"line":182,"column":12},"end":{"line":182,"column":55}},"68":{"start":{"line":183,"column":12},"end":{"line":183,"column":21}},"69":{"start":{"line":187,"column":10},"end":{"line":191,"column":11}},"70":{"start":{"line":188,"column":12},"end":{"line":188,"column":73}},"71":{"start":{"line":189,"column":12},"end":{"line":189,"column":55}},"72":{"start":{"line":190,"column":12},"end":{"line":190,"column":21}},"73":{"start":{"line":193,"column":10},"end":{"line":193,"column":24}},"74":{"start":{"line":196,"column":8},"end":{"line":199,"column":9}},"75":{"start":{"line":197,"column":10},"end":{"line":197,"column":67}},"76":{"start":{"line":198,"column":10},"end":{"line":198,"column":22}},"77":{"start":{"line":213,"column":49},"end":{"line":213,"column":61}},"78":{"start":{"line":215,"column":4},"end":{"line":215,"column":45}},"79":{"start":{"line":216,"column":4},"end":{"line":216,"column":36}},"80":{"start":{"line":217,"column":4},"end":{"line":217,"column":72}},"81":{"start":{"line":218,"column":4},"end":{"line":218,"column":47}},"82":{"start":{"line":219,"column":4},"end":{"line":219,"column":64}},"83":{"start":{"line":223,"column":4},"end":{"line":247,"column":5}},"84":{"start":{"line":225,"column":8},"end":{"line":225,"column":32}},"85":{"start":{"line":226,"column":8},"end":{"line":226,"column":55}},"86":{"start":{"line":227,"column":8},"end":{"line":227,"column":14}},"87":{"start":{"line":230,"column":8},"end":{"line":230,"column":43}},"88":{"start":{"line":231,"column":8},"end":{"line":231,"column":60}},"89":{"start":{"line":232,"column":8},"end":{"line":232,"column":14}},"90":{"start":{"line":235,"column":8},"end":{"line":235,"column":29}},"91":{"start":{"line":236,"column":8},"end":{"line":236,"column":57}},"92":{"start":{"line":237,"column":8},"end":{"line":237,"column":14}},"93":{"start":{"line":240,"column":8},"end":{"line":240,"column":28}},"94":{"start":{"line":241,"column":8},"end":{"line":241,"column":54}},"95":{"start":{"line":242,"column":8},"end":{"line":242,"column":14}},"96":{"start":{"line":245,"column":8},"end":{"line":245,"column":31}},"97":{"start":{"line":246,"column":8},"end":{"line":246,"column":62}},"98":{"start":{"line":249,"column":4},"end":{"line":257,"column":6}},"99":{"start":{"line":267,"column":18},"end":{"line":275,"column":5}},"100":{"start":{"line":276,"column":4},"end":{"line":276,"column":41}},"101":{"start":{"line":286,"column":4},"end":{"line":286,"column":59}},"102":{"start":{"line":286,"column":34},"end":{"line":286,"column":57}},"103":{"start":{"line":290,"column":0},"end":{"line":290,"column":32}}},"fnMap":{"0":{"name":"(anonymous_0)","decl":{"start":{"line":25,"column":2},"end":{"line":25,"column":3}},"loc":{"start":{"line":25,"column":22},"end":{"line":35,"column":3}},"line":25},"1":{"name":"(anonymous_1)","decl":{"start":{"line":53,"column":2},"end":{"line":53,"column":3}},"loc":{"start":{"line":53,"column":62},"end":{"line":107,"column":3}},"line":53},"2":{"name":"(anonymous_2)","decl":{"start":{"line":116,"column":2},"end":{"line":116,"column":3}},"loc":{"start":{"line":116,"column":60},"end":{"line":145,"column":3}},"line":116},"3":{"name":"(anonymous_3)","decl":{"start":{"line":153,"column":2},"end":{"line":153,"column":3}},"loc":{"start":{"line":153,"column":35},"end":{"line":203,"column":3}},"line":153},"4":{"name":"(anonymous_4)","decl":{"start":{"line":181,"column":34},"end":{"line":181,"column":35}},"loc":{"start":{"line":181,"column":41},"end":{"line":181,"column":66}},"line":181},"5":{"name":"(anonymous_5)","decl":{"start":{"line":212,"column":2},"end":{"line":212,"column":3}},"loc":{"start":{"line":212,"column":48},"end":{"line":258,"column":3}},"line":212},"6":{"name":"(anonymous_6)","decl":{"start":{"line":266,"column":2},"end":{"line":266,"column":3}},"loc":{"start":{"line":266,"column":29},"end":{"line":277,"column":3}},"line":266},"7":{"name":"(anonymous_7)","decl":{"start":{"line":285,"column":2},"end":{"line":285,"column":3}},"loc":{"start":{"line":285,"column":12},"end":{"line":287,"column":3}},"line":285},"8":{"name":"(anonymous_8)","decl":{"start":{"line":286,"column":23},"end":{"line":286,"column":24}},"loc":{"start":{"line":286,"column":34},"end":{"line":286,"column":57}},"line":286}},"branchMap":{"0":{"loc":{"start":{"line":26,"column":18},"end":{"line":26,"column":30}},"type":"binary-expr","locations":[{"start":{"line":26,"column":18},"end":{"line":26,"column":24}},{"start":{"line":26,"column":28},"end":{"line":26,"column":30}}],"line":26},"1":{"loc":{"start":{"line":29,"column":24},"end":{"line":29,"column":56}},"type":"binary-expr","locations":[{"start":{"line":29,"column":24},"end":{"line":29,"column":48}},{"start":{"line":29,"column":52},"end":{"line":29,"column":56}}],"line":29},"2":{"loc":{"start":{"line":30,"column":19},"end":{"line":30,"column":50}},"type":"binary-expr","locations":[{"start":{"line":30,"column":19},"end":{"line":30,"column":38}},{"start":{"line":30,"column":42},"end":{"line":30,"column":50}}],"line":30},"3":{"loc":{"start":{"line":117,"column":19},"end":{"line":119,"column":13}},"type":"cond-expr","locations":[{"start":{"line":118,"column":7},"end":{"line":118,"column":63}},{"start":{"line":119,"column":6},"end":{"line":119,"column":13}}],"line":117},"4":{"loc":{"start":{"line":118,"column":7},"end":{"line":118,"column":63}},"type":"cond-expr","locations":[{"start":{"line":118,"column":42},"end":{"line":118,"column":54}},{"start":{"line":118,"column":57},"end":{"line":118,"column":63}}],"line":118},"5":{"loc":{"start":{"line":162,"column":6},"end":{"line":164,"column":7}},"type":"if","locations":[{"start":{"line":162,"column":6},"end":{"line":164,"column":7}},{"start":{"line":162,"column":6},"end":{"line":164,"column":7}}],"line":162},"6":{"loc":{"start":{"line":172,"column":8},"end":{"line":194,"column":9}},"type":"if","locations":[{"start":{"line":172,"column":8},"end":{"line":194,"column":9}},{"start":{"line":172,"column":8},"end":{"line":194,"column":9}}],"line":172},"7":{"loc":{"start":{"line":179,"column":10},"end":{"line":184,"column":11}},"type":"if","locations":[{"start":{"line":179,"column":10},"end":{"line":184,"column":11}},{"start":{"line":179,"column":10},"end":{"line":184,"column":11}}],"line":179},"8":{"loc":{"start":{"line":187,"column":10},"end":{"line":191,"column":11}},"type":"if","locations":[{"start":{"line":187,"column":10},"end":{"line":191,"column":11}},{"start":{"line":187,"column":10},"end":{"line":191,"column":11}}],"line":187},"9":{"loc":{"start":{"line":196,"column":8},"end":{"line":199,"column":9}},"type":"if","locations":[{"start":{"line":196,"column":8},"end":{"line":199,"column":9}},{"start":{"line":196,"column":8},"end":{"line":199,"column":9}}],"line":196},"10":{"loc":{"start":{"line":217,"column":24},"end":{"line":217,"column":68}},"type":"cond-expr","locations":[{"start":{"line":217,"column":32},"end":{"line":217,"column":62}},{"start":{"line":217,"column":65},"end":{"line":217,"column":68}}],"line":217},"11":{"loc":{"start":{"line":219,"column":24},"end":{"line":219,"column":60}},"type":"cond-expr","locations":[{"start":{"line":219,"column":32},"end":{"line":219,"column":54}},{"start":{"line":219,"column":57},"end":{"line":219,"column":60}}],"line":219},"12":{"loc":{"start":{"line":223,"column":4},"end":{"line":247,"column":5}},"type":"switch","locations":[{"start":{"line":224,"column":6},"end":{"line":227,"column":14}},{"start":{"line":229,"column":6},"end":{"line":232,"column":14}},{"start":{"line":234,"column":6},"end":{"line":237,"column":14}},{"start":{"line":239,"column":6},"end":{"line":242,"column":14}},{"start":{"line":244,"column":6},"end":{"line":246,"column":62}}],"line":223},"13":{"loc":{"start":{"line":276,"column":11},"end":{"line":276,"column":40}},"type":"binary-expr","locations":[{"start":{"line":276,"column":11},"end":{"line":276,"column":27}},{"start":{"line":276,"column":31},"end":{"line":276,"column":40}}],"line":276}},"s":{"0":0,"1":0,"2":0,"3":0,"4":0,"5":0,"6":0,"7":0,"8":0,"9":0,"10":0,"11":0,"12":0,"13":0,"14":0,"15":0,"16":0,"17":0,"18":0,"19":0,"20":0,"21":0,"22":0,"23":0,"24":0,"25":0,"26":0,"27":0,"28":0,"29":0,"30":0,"31":0,"32":0,"33":0,"34":0,"35":0,"36":0,"37":0,"38":0,"39":0,"40":0,"41":0,"42":0,"43":0,"44":0,"45":0,"46":0,"47":0,"48":0,"49":0,"50":0,"51":0,"52":0,"53":0,"54":0,"55":0,"56":0,"57":0,"58":0,"59":0,"60":0,"61":0,"62":0,"63":0,"64":0,"65":0,"66":0,"67":0,"68":0,"69":0,"70":0,"71":0,"72":0,"73":0,"74":0,"75":0,"76":0,"77":0,"78":0,"79":0,"80":0,"81":0,"82":0,"83":0,"84":0,"85":0,"86":0,"87":0,"88":0,"89":0,"90":0,"91":0,"92":0,"93":0,"94":0,"95":0,"96":0,"97":0,"98":0,"99":0,"100":0,"101":0,"102":0,"103":0},"f":{"0":0,"1":0,"2":0,"3":0,"4":0,"5":0,"6":0,"7":0,"8":0},"b":{"0":[0,0],"1":[0,0],"2":[0,0],"3":[0,0],"4":[0,0],"5":[0,0],"6":[0,0],"7":[0,0],"8":[0,0],"9":[0,0],"10":[0,0],"11":[0,0],"12":[0,0,0,0,0],"13":[0,0]},"all":true}}