{"/home/ouyp/Learning/Practice/openclaw-universe/projects/clawdevflow/04_coding/src/adapters/opencode.js":{"path":"/home/ouyp/Learning/Practice/openclaw-universe/projects/clawdevflow/04_coding/src/adapters/opencode.js","statementMap":{"0":{"start":{"line":11,"column":13},"end":{"line":11,"column":28}},"1":{"start":{"line":12,"column":11},"end":{"line":12,"column":24}},"2":{"start":{"line":14,"column":43},"end":{"line":14,"column":72}},"3":{"start":{"line":22,"column":4},"end":{"line":22,"column":22}},"4":{"start":{"line":32,"column":22},"end":{"line":32,"column":32}},"5":{"start":{"line":33,"column":4},"end":{"line":33,"column":54}},"6":{"start":{"line":35,"column":4},"end":{"line":67,"column":5}},"7":{"start":{"line":37,"column":19},"end":{"line":37,"column":51}},"8":{"start":{"line":38,"column":6},"end":{"line":38,"column":55}},"9":{"start":{"line":41,"column":6},"end":{"line":41,"column":34}},"10":{"start":{"line":42,"column":22},"end":{"line":42,"column":62}},"11":{"start":{"line":43,"column":6},"end":{"line":43,"column":84}},"12":{"start":{"line":46,"column":6},"end":{"line":46,"column":28}},"13":{"start":{"line":47,"column":21},"end":{"line":47,"column":101}},"14":{"start":{"line":49,"column":23},"end":{"line":49,"column":45}},"15":{"start":{"line":50,"column":6},"end":{"line":50,"column":82}},"16":{"start":{"line":52,"column":6},"end":{"line":57,"column":9}},"17":{"start":{"line":59,"column":23},"end":{"line":59,"column":45}},"18":{"start":{"line":60,"column":6},"end":{"line":60,"column":69}},"19":{"start":{"line":62,"column":6},"end":{"line":66,"column":9}},"20":{"start":{"line":78,"column":4},"end":{"line":80,"column":5}},"21":{"start":{"line":79,"column":6},"end":{"line":79,"column":105}},"22":{"start":{"line":83,"column":20},"end":{"line":89,"column":6}},"23":{"start":{"line":91,"column":4},"end":{"line":91,"column":19}},"24":{"start":{"line":102,"column":24},"end":{"line":102,"column":67}},"25":{"start":{"line":103,"column":25},"end":{"line":103,"column":29}},"26":{"start":{"line":104,"column":22},"end":{"line":104,"column":32}},"27":{"start":{"line":106,"column":4},"end":{"line":106,"column":55}},"28":{"start":{"line":109,"column":4},"end":{"line":125,"column":5}},"29":{"start":{"line":110,"column":6},"end":{"line":124,"column":7}},"30":{"start":{"line":112,"column":24},"end":{"line":112,"column":69}},"31":{"start":{"line":114,"column":8},"end":{"line":117,"column":9}},"32":{"start":{"line":115,"column":10},"end":{"line":115,"column":43}},"33":{"start":{"line":116,"column":10},"end":{"line":116,"column":29}},"34":{"start":{"line":120,"column":8},"end":{"line":120,"column":39}},"35":{"start":{"line":122,"column":8},"end":{"line":122,"column":51}},"36":{"start":{"line":123,"column":8},"end":{"line":123,"column":39}},"37":{"start":{"line":128,"column":20},"end":{"line":128,"column":65}},"38":{"start":{"line":129,"column":4},"end":{"line":132,"column":5}},"39":{"start":{"line":130,"column":6},"end":{"line":130,"column":42}},"40":{"start":{"line":131,"column":6},"end":{"line":131,"column":25}},"41":{"start":{"line":134,"column":4},"end":{"line":134,"column":27}},"42":{"start":{"line":135,"column":4},"end":{"line":135,"column":27}},"43":{"start":{"line":145,"column":20},"end":{"line":145,"column":22}},"44":{"start":{"line":147,"column":4},"end":{"line":186,"column":5}},"45":{"start":{"line":148,"column":6},"end":{"line":151,"column":7}},"46":{"start":{"line":149,"column":8},"end":{"line":149,"column":43}},"47":{"start":{"line":150,"column":8},"end":{"line":150,"column":23}},"48":{"start":{"line":154,"column":28},"end":{"line":160,"column":7}},"49":{"start":{"line":162,"column":20},"end":{"line":162,"column":50}},"50":{"start":{"line":165,"column":6},"end":{"line":171,"column":7}},"51":{"start":{"line":166,"column":25},"end":{"line":166,"column":51}},"52":{"start":{"line":167,"column":8},"end":{"line":170,"column":9}},"53":{"start":{"line":168,"column":10},"end":{"line":168,"column":33}},"54":{"start":{"line":169,"column":10},"end":{"line":169,"column":50}},"55":{"start":{"line":174,"column":6},"end":{"line":183,"column":7}},"56":{"start":{"line":175,"column":25},"end":{"line":175,"column":50}},"57":{"start":{"line":176,"column":8},"end":{"line":182,"column":9}},"58":{"start":{"line":177,"column":10},"end":{"line":181,"column":11}},"59":{"start":{"line":178,"column":29},"end":{"line":178,"column":55}},"60":{"start":{"line":179,"column":12},"end":{"line":179,"column":35}},"61":{"start":{"line":180,"column":12},"end":{"line":180,"column":52}},"62":{"start":{"line":185,"column":6},"end":{"line":185,"column":53}},"63":{"start":{"line":188,"column":4},"end":{"line":188,"column":19}},"64":{"start":{"line":198,"column":23},"end":{"line":254,"column":5}},"65":{"start":{"line":256,"column":17},"end":{"line":256,"column":64}},"66":{"start":{"line":259,"column":22},"end":{"line":259,"column":52}},"67":{"start":{"line":261,"column":4},"end":{"line":261,"column":44}},"68":{"start":{"line":268,"column":4},"end":{"line":268,"column":59}},"69":{"start":{"line":268,"column":34},"end":{"line":268,"column":57}},"70":{"start":{"line":275,"column":22},"end":{"line":275,"column":46}},"71":{"start":{"line":276,"column":4},"end":{"line":276,"column":82}},"72":{"start":{"line":284,"column":4},"end":{"line":284,"column":16}},"73":{"start":{"line":288,"column":0},"end":{"line":290,"column":2}}},"fnMap":{"0":{"name":"(anonymous_0)","decl":{"start":{"line":21,"column":2},"end":{"line":21,"column":3}},"loc":{"start":{"line":21,"column":12},"end":{"line":23,"column":3}},"line":21},"1":{"name":"(anonymous_1)","decl":{"start":{"line":31,"column":2},"end":{"line":31,"column":3}},"loc":{"start":{"line":31,"column":34},"end":{"line":68,"column":3}},"line":31},"2":{"name":"(anonymous_2)","decl":{"start":{"line":76,"column":2},"end":{"line":76,"column":3}},"loc":{"start":{"line":76,"column":38},"end":{"line":92,"column":3}},"line":76},"3":{"name":"(anonymous_3)","decl":{"start":{"line":101,"column":2},"end":{"line":101,"column":3}},"loc":{"start":{"line":101,"column":56},"end":{"line":136,"column":3}},"line":101},"4":{"name":"(anonymous_4)","decl":{"start":{"line":144,"column":2},"end":{"line":144,"column":3}},"loc":{"start":{"line":144,"column":37},"end":{"line":189,"column":3}},"line":144},"5":{"name":"(anonymous_5)","decl":{"start":{"line":197,"column":2},"end":{"line":197,"column":3}},"loc":{"start":{"line":197,"column":30},"end":{"line":262,"column":3}},"line":197},"6":{"name":"(anonymous_6)","decl":{"start":{"line":267,"column":2},"end":{"line":267,"column":3}},"loc":{"start":{"line":267,"column":12},"end":{"line":269,"column":3}},"line":267},"7":{"name":"(anonymous_7)","decl":{"start":{"line":268,"column":23},"end":{"line":268,"column":24}},"loc":{"start":{"line":268,"column":34},"end":{"line":268,"column":57}},"line":268},"8":{"name":"(anonymous_8)","decl":{"start":{"line":274,"column":2},"end":{"line":274,"column":3}},"loc":{"start":{"line":274,"column":26},"end":{"line":277,"column":3}},"line":274},"9":{"name":"(anonymous_9)","decl":{"start":{"line":283,"column":2},"end":{"line":283,"column":3}},"loc":{"start":{"line":283,"column":19},"end":{"line":285,"column":3}},"line":283}},"branchMap":{"0":{"loc":{"start":{"line":47,"column":50},"end":{"line":47,"column":82}},"type":"binary-expr","locations":[{"start":{"line":47,"column":50},"end":{"line":47,"column":68}},{"start":{"line":47,"column":72},"end":{"line":47,"column":82}}],"line":47},"1":{"loc":{"start":{"line":78,"column":4},"end":{"line":80,"column":5}},"type":"if","locations":[{"start":{"line":78,"column":4},"end":{"line":80,"column":5}},{"start":{"line":78,"column":4},"end":{"line":80,"column":5}}],"line":78},"2":{"loc":{"start":{"line":87,"column":22},"end":{"line":87,"column":56}},"type":"binary-expr","locations":[{"start":{"line":87,"column":22},"end":{"line":87,"column":48}},{"start":{"line":87,"column":52},"end":{"line":87,"column":56}}],"line":87},"3":{"loc":{"start":{"line":102,"column":25},"end":{"line":102,"column":59}},"type":"binary-expr","locations":[{"start":{"line":102,"column":25},"end":{"line":102,"column":51}},{"start":{"line":102,"column":55},"end":{"line":102,"column":59}}],"line":102},"4":{"loc":{"start":{"line":114,"column":8},"end":{"line":117,"column":9}},"type":"if","locations":[{"start":{"line":114,"column":8},"end":{"line":117,"column":9}},{"start":{"line":114,"column":8},"end":{"line":117,"column":9}}],"line":114},"5":{"loc":{"start":{"line":129,"column":4},"end":{"line":132,"column":5}},"type":"if","locations":[{"start":{"line":129,"column":4},"end":{"line":132,"column":5}},{"start":{"line":129,"column":4},"end":{"line":132,"column":5}}],"line":129},"6":{"loc":{"start":{"line":148,"column":6},"end":{"line":151,"column":7}},"type":"if","locations":[{"start":{"line":148,"column":6},"end":{"line":151,"column":7}},{"start":{"line":148,"column":6},"end":{"line":151,"column":7}}],"line":148},"7":{"loc":{"start":{"line":162,"column":20},"end":{"line":162,"column":50}},"type":"binary-expr","locations":[{"start":{"line":162,"column":20},"end":{"line":162,"column":44}},{"start":{"line":162,"column":48},"end":{"line":162,"column":50}}],"line":162},"8":{"loc":{"start":{"line":167,"column":8},"end":{"line":170,"column":9}},"type":"if","locations":[{"start":{"line":167,"column":8},"end":{"line":170,"column":9}},{"start":{"line":167,"column":8},"end":{"line":170,"column":9}}],"line":167},"9":{"loc":{"start":{"line":174,"column":6},"end":{"line":183,"column":7}},"type":"if","locations":[{"start":{"line":174,"column":6},"end":{"line":183,"column":7}},{"start":{"line":174,"column":6},"end":{"line":183,"column":7}}],"line":174},"10":{"loc":{"start":{"line":177,"column":10},"end":{"line":181,"column":11}},"type":"if","locations":[{"start":{"line":177,"column":10},"end":{"line":181,"column":11}},{"start":{"line":177,"column":10},"end":{"line":181,"column":11}}],"line":177},"11":{"loc":{"start":{"line":177,"column":14},"end":{"line":177,"column":58}},"type":"binary-expr","locations":[{"start":{"line":177,"column":14},"end":{"line":177,"column":34}},{"start":{"line":177,"column":38},"end":{"line":177,"column":58}}],"line":177},"12":{"loc":{"start":{"line":201,"column":12},"end":{"line":201,"column":55}},"type":"binary-expr","locations":[{"start":{"line":201,"column":12},"end":{"line":201,"column":34}},{"start":{"line":201,"column":38},"end":{"line":201,"column":55}}],"line":201},"13":{"loc":{"start":{"line":203,"column":11},"end":{"line":203,"column":44}},"type":"binary-expr","locations":[{"start":{"line":203,"column":11},"end":{"line":203,"column":26}},{"start":{"line":203,"column":30},"end":{"line":203,"column":44}}],"line":203},"14":{"loc":{"start":{"line":213,"column":12},"end":{"line":213,"column":49}},"type":"binary-expr","locations":[{"start":{"line":213,"column":12},"end":{"line":213,"column":31}},{"start":{"line":213,"column":35},"end":{"line":213,"column":49}}],"line":213},"15":{"loc":{"start":{"line":215,"column":11},"end":{"line":215,"column":46}},"type":"binary-expr","locations":[{"start":{"line":215,"column":11},"end":{"line":215,"column":26}},{"start":{"line":215,"column":30},"end":{"line":215,"column":46}}],"line":215},"16":{"loc":{"start":{"line":226,"column":11},"end":{"line":226,"column":44}},"type":"binary-expr","locations":[{"start":{"line":226,"column":11},"end":{"line":226,"column":26}},{"start":{"line":226,"column":30},"end":{"line":226,"column":44}}],"line":226},"17":{"loc":{"start":{"line":237,"column":11},"end":{"line":237,"column":45}},"type":"binary-expr","locations":[{"start":{"line":237,"column":11},"end":{"line":237,"column":26}},{"start":{"line":237,"column":30},"end":{"line":237,"column":45}}],"line":237},"18":{"loc":{"start":{"line":248,"column":11},"end":{"line":248,"column":44}},"type":"binary-expr","locations":[{"start":{"line":248,"column":11},"end":{"line":248,"column":26}},{"start":{"line":248,"column":30},"end":{"line":248,"column":44}}],"line":248},"19":{"loc":{"start":{"line":256,"column":17},"end":{"line":256,"column":64}},"type":"binary-expr","locations":[{"start":{"line":256,"column":17},"end":{"line":256,"column":38}},{"start":{"line":256,"column":42},"end":{"line":256,"column":64}}],"line":256},"20":{"loc":{"start":{"line":274,"column":15},"end":{"line":274,"column":24}},"type":"default-arg","locations":[{"start":{"line":274,"column":22},"end":{"line":274,"column":24}}],"line":274}},"s":{"0":1,"1":1,"2":1,"3":0,"4":0,"5":0,"6":0,"7":0,"8":0,"9":0,"10":0,"11":0,"12":0,"13":0,"14":0,"15":0,"16":0,"17":0,"18":0,"19":0,"20":0,"21":0,"22":0,"23":0,"24":0,"25":0,"26":0,"27":0,"28":0,"29":0,"30":0,"31":0,"32":0,"33":0,"34":0,"35":0,"36":0,"37":0,"38":0,"39":0,"40":0,"41":0,"42":0,"43":0,"44":0,"45":0,"46":0,"47":0,"48":0,"49":0,"50":0,"51":0,"52":0,"53":0,"54":0,"55":0,"56":0,"57":0,"58":0,"59":0,"60":0,"61":0,"62":0,"63":0,"64":0,"65":0,"66":0,"67":0,"68":0,"69":0,"70":0,"71":0,"72":0,"73":1},"f":{"0":0,"1":0,"2":0,"3":0,"4":0,"5":0,"6":0,"7":0,"8":0,"9":0},"b":{"0":[0,0],"1":[0,0],"2":[0,0],"3":[0,0],"4":[0,0],"5":[0,0],"6":[0,0],"7":[0,0],"8":[0,0],"9":[0,0],"10":[0,0],"11":[0,0],"12":[0,0],"13":[0,0],"14":[0,0],"15":[0,0],"16":[0,0],"17":[0,0],"18":[0,0],"19":[0,0],"20":[0]},"_coverageSchema":"1a1c01bbd47fc00a2c39e90264f33305004495a9","hash":"a1835fe1567432c0295c10349b8bf52da40cbcb5","contentHash":"0afae87d7386f5ed08ba2a894ea39a0c1b81dfdc32c099f81dcf32963e8fe1b5"},"/home/ouyp/Learning/Practice/openclaw-universe/projects/clawdevflow/04_coding/src/adapters/claude-code.js":{"path":"/home/ouyp/Learning/Practice/openclaw-universe/projects/clawdevflow/04_coding/src/adapters/claude-code.js","statementMap":{"0":{"start":{"line":11,"column":43},"end":{"line":11,"column":72}},"1":{"start":{"line":12,"column":17},"end":{"line":12,"column":41}},"2":{"start":{"line":13,"column":22},"end":{"line":13,"column":37}},"3":{"start":{"line":14,"column":18},"end":{"line":14,"column":33}},"4":{"start":{"line":22,"column":4},"end":{"line":22,"column":25}},"5":{"start":{"line":32,"column":22},"end":{"line":32,"column":32}},"6":{"start":{"line":33,"column":4},"end":{"line":33,"column":47}},"7":{"start":{"line":35,"column":4},"end":{"line":67,"column":5}},"8":{"start":{"line":37,"column":19},"end":{"line":37,"column":51}},"9":{"start":{"line":40,"column":22},"end":{"line":40,"column":45}},"10":{"start":{"line":41,"column":33},"end":{"line":45,"column":8}},"11":{"start":{"line":47,"column":23},"end":{"line":47,"column":45}},"12":{"start":{"line":48,"column":6},"end":{"line":48,"column":57}},"13":{"start":{"line":51,"column":22},"end":{"line":51,"column":58}},"14":{"start":{"line":53,"column":6},"end":{"line":57,"column":9}},"15":{"start":{"line":59,"column":23},"end":{"line":59,"column":45}},"16":{"start":{"line":60,"column":6},"end":{"line":60,"column":69}},"17":{"start":{"line":62,"column":6},"end":{"line":66,"column":9}},"18":{"start":{"line":76,"column":17},"end":{"line":80,"column":5}},"19":{"start":{"line":83,"column":24},"end":{"line":86,"column":28}},"20":{"start":{"line":88,"column":4},"end":{"line":88,"column":55}},"21":{"start":{"line":99,"column":28},"end":{"line":105,"column":5}},"22":{"start":{"line":109,"column":4},"end":{"line":109,"column":44}},"23":{"start":{"line":119,"column":23},"end":{"line":125,"column":5}},"24":{"start":{"line":127,"column":17},"end":{"line":127,"column":64}},"25":{"start":{"line":130,"column":22},"end":{"line":130,"column":52}},"26":{"start":{"line":132,"column":4},"end":{"line":132,"column":44}},"27":{"start":{"line":140,"column":4},"end":{"line":147,"column":5}},"28":{"start":{"line":142,"column":6},"end":{"line":142,"column":38}},"29":{"start":{"line":143,"column":6},"end":{"line":143,"column":18}},"30":{"start":{"line":145,"column":6},"end":{"line":145,"column":49}},"31":{"start":{"line":146,"column":6},"end":{"line":146,"column":19}},"32":{"start":{"line":156,"column":22},"end":{"line":156,"column":46}},"33":{"start":{"line":157,"column":21},"end":{"line":162,"column":5}},"34":{"start":{"line":163,"column":4},"end":{"line":163,"column":42}},"35":{"start":{"line":167,"column":0},"end":{"line":169,"column":2}}},"fnMap":{"0":{"name":"(anonymous_0)","decl":{"start":{"line":21,"column":2},"end":{"line":21,"column":3}},"loc":{"start":{"line":21,"column":12},"end":{"line":23,"column":3}},"line":21},"1":{"name":"(anonymous_1)","decl":{"start":{"line":31,"column":2},"end":{"line":31,"column":3}},"loc":{"start":{"line":31,"column":34},"end":{"line":68,"column":3}},"line":31},"2":{"name":"(anonymous_2)","decl":{"start":{"line":75,"column":2},"end":{"line":75,"column":3}},"loc":{"start":{"line":75,"column":21},"end":{"line":89,"column":3}},"line":75},"3":{"name":"(anonymous_3)","decl":{"start":{"line":97,"column":2},"end":{"line":97,"column":3}},"loc":{"start":{"line":97,"column":34},"end":{"line":110,"column":3}},"line":97},"4":{"name":"(anonymous_4)","decl":{"start":{"line":118,"column":2},"end":{"line":118,"column":3}},"loc":{"start":{"line":118,"column":30},"end":{"line":133,"column":3}},"line":118},"5":{"name":"(anonymous_5)","decl":{"start":{"line":139,"column":2},"end":{"line":139,"column":3}},"loc":{"start":{"line":139,"column":25},"end":{"line":148,"column":3}},"line":139},"6":{"name":"(anonymous_6)","decl":{"start":{"line":155,"column":2},"end":{"line":155,"column":3}},"loc":{"start":{"line":155,"column":26},"end":{"line":164,"column":3}},"line":155}},"branchMap":{"0":{"loc":{"start":{"line":42,"column":17},"end":{"line":42,"column":61}},"type":"binary-expr","locations":[{"start":{"line":42,"column":17},"end":{"line":42,"column":50}},{"start":{"line":42,"column":54},"end":{"line":42,"column":61}}],"line":42},"1":{"loc":{"start":{"line":44,"column":13},"end":{"line":44,"column":45}},"type":"binary-expr","locations":[{"start":{"line":44,"column":13},"end":{"line":44,"column":28}},{"start":{"line":44,"column":32},"end":{"line":44,"column":45}}],"line":44},"2":{"loc":{"start":{"line":76,"column":17},"end":{"line":80,"column":5}},"type":"binary-expr","locations":[{"start":{"line":76,"column":17},"end":{"line":76,"column":33}},{"start":{"line":76,"column":37},"end":{"line":80,"column":5}}],"line":76},"3":{"loc":{"start":{"line":109,"column":11},"end":{"line":109,"column":43}},"type":"binary-expr","locations":[{"start":{"line":109,"column":11},"end":{"line":109,"column":37}},{"start":{"line":109,"column":41},"end":{"line":109,"column":43}}],"line":109},"4":{"loc":{"start":{"line":127,"column":17},"end":{"line":127,"column":64}},"type":"binary-expr","locations":[{"start":{"line":127,"column":17},"end":{"line":127,"column":38}},{"start":{"line":127,"column":42},"end":{"line":127,"column":64}}],"line":127},"5":{"loc":{"start":{"line":155,"column":15},"end":{"line":155,"column":24}},"type":"default-arg","locations":[{"start":{"line":155,"column":22},"end":{"line":155,"column":24}}],"line":155}},"s":{"0":1,"1":1,"2":1,"3":1,"4":0,"5":0,"6":0,"7":0,"8":0,"9":0,"10":0,"11":0,"12":0,"13":0,"14":0,"15":0,"16":0,"17":0,"18":0,"19":0,"20":0,"21":0,"22":0,"23":0,"24":0,"25":0,"26":0,"27":0,"28":0,"29":0,"30":0,"31":0,"32":0,"33":0,"34":0,"35":1},"f":{"0":0,"1":0,"2":0,"3":0,"4":0,"5":0,"6":0},"b":{"0":[0,0],"1":[0,0],"2":[0,0],"3":[0,0],"4":[0,0],"5":[0]},"_coverageSchema":"1a1c01bbd47fc00a2c39e90264f33305004495a9","hash":"f19d1090b9332474174c5ef63e2f4c7a769413a0","contentHash":"60affd8238d0d5f9b578372b2a43a43933f72581ef6792d110aa8c87636b7261"},"/home/ouyp/Learning/Practice/openclaw-universe/projects/clawdevflow/04_coding/src/adapters/custom.js":{"path":"/home/ouyp/Learning/Practice/openclaw-universe/projects/clawdevflow/04_coding/src/adapters/custom.js","statementMap":{"0":{"start":{"line":11,"column":43},"end":{"line":11,"column":72}},"1":{"start":{"line":12,"column":17},"end":{"line":12,"column":41}},"2":{"start":{"line":13,"column":22},"end":{"line":13,"column":37}},"3":{"start":{"line":14,"column":18},"end":{"line":14,"column":33}},"4":{"start":{"line":15,"column":11},"end":{"line":15,"column":24}},"5":{"start":{"line":16,"column":13},"end":{"line":16,"column":28}},"6":{"start":{"line":24,"column":4},"end":{"line":24,"column":20}},"7":{"start":{"line":34,"column":22},"end":{"line":34,"column":32}},"8":{"start":{"line":35,"column":4},"end":{"line":35,"column":47}},"9":{"start":{"line":37,"column":4},"end":{"line":78,"column":5}},"10":{"start":{"line":39,"column":6},"end":{"line":41,"column":7}},"11":{"start":{"line":40,"column":8},"end":{"line":40,"column":49}},"12":{"start":{"line":44,"column":22},"end":{"line":44,"column":57}},"13":{"start":{"line":45,"column":6},"end":{"line":45,"column":36}},"14":{"start":{"line":48,"column":33},"end":{"line":56,"column":8}},"15":{"start":{"line":58,"column":23},"end":{"line":58,"column":45}},"16":{"start":{"line":59,"column":6},"end":{"line":59,"column":57}},"17":{"start":{"line":62,"column":22},"end":{"line":62,"column":66}},"18":{"start":{"line":64,"column":6},"end":{"line":68,"column":9}},"19":{"start":{"line":70,"column":23},"end":{"line":70,"column":45}},"20":{"start":{"line":71,"column":6},"end":{"line":71,"column":69}},"21":{"start":{"line":73,"column":6},"end":{"line":77,"column":9}},"22":{"start":{"line":88,"column":18},"end":{"line":88,"column":37}},"23":{"start":{"line":89,"column":17},"end":{"line":89,"column":39}},"24":{"start":{"line":92,"column":4},"end":{"line":92,"column":52}},"25":{"start":{"line":95,"column":22},"end":{"line":95,"column":43}},"26":{"start":{"line":96,"column":4},"end":{"line":96,"column":73}},"27":{"start":{"line":99,"column":4},"end":{"line":102,"column":5}},"28":{"start":{"line":100,"column":24},"end":{"line":100,"column":51}},"29":{"start":{"line":101,"column":6},"end":{"line":101,"column":58}},"30":{"start":{"line":105,"column":4},"end":{"line":107,"column":5}},"31":{"start":{"line":106,"column":6},"end":{"line":106,"column":38}},"32":{"start":{"line":109,"column":4},"end":{"line":109,"column":19}},"33":{"start":{"line":118,"column":20},"end":{"line":118,"column":52}},"34":{"start":{"line":119,"column":4},"end":{"line":121,"column":5}},"35":{"start":{"line":120,"column":6},"end":{"line":120,"column":49}},"36":{"start":{"line":123,"column":21},"end":{"line":123,"column":47}},"37":{"start":{"line":124,"column":21},"end":{"line":124,"column":49}},"38":{"start":{"line":126,"column":4},"end":{"line":126,"column":71}},"39":{"start":{"line":128,"column":4},"end":{"line":128,"column":20}},"40":{"start":{"line":140,"column":4},"end":{"line":142,"column":5}},"41":{"start":{"line":141,"column":6},"end":{"line":141,"column":68}},"42":{"start":{"line":145,"column":28},"end":{"line":151,"column":5}},"43":{"start":{"line":153,"column":4},"end":{"line":153,"column":44}},"44":{"start":{"line":163,"column":20},"end":{"line":163,"column":22}},"45":{"start":{"line":166,"column":4},"end":{"line":172,"column":5}},"46":{"start":{"line":167,"column":6},"end":{"line":171,"column":9}},"47":{"start":{"line":168,"column":22},"end":{"line":168,"column":46}},"48":{"start":{"line":169,"column":24},"end":{"line":169,"column":49}},"49":{"start":{"line":170,"column":8},"end":{"line":170,"column":33}},"50":{"start":{"line":175,"column":4},"end":{"line":179,"column":5}},"51":{"start":{"line":176,"column":26},"end":{"line":176,"column":68}},"52":{"start":{"line":177,"column":22},"end":{"line":177,"column":53}},"53":{"start":{"line":178,"column":6},"end":{"line":178,"column":31}},"54":{"start":{"line":181,"column":4},"end":{"line":181,"column":33}},"55":{"start":{"line":190,"column":21},"end":{"line":190,"column":23}},"56":{"start":{"line":192,"column":4},"end":{"line":201,"column":5}},"57":{"start":{"line":193,"column":6},"end":{"line":200,"column":7}},"58":{"start":{"line":195,"column":8},"end":{"line":197,"column":11}},"59":{"start":{"line":196,"column":10},"end":{"line":196,"column":44}},"60":{"start":{"line":199,"column":8},"end":{"line":199,"column":30}},"61":{"start":{"line":203,"column":4},"end":{"line":203,"column":20}},"62":{"start":{"line":213,"column":4},"end":{"line":213,"column":65}},"63":{"start":{"line":221,"column":4},"end":{"line":224,"column":5}},"64":{"start":{"line":222,"column":6},"end":{"line":222,"column":46}},"65":{"start":{"line":223,"column":6},"end":{"line":223,"column":19}},"66":{"start":{"line":227,"column":4},"end":{"line":234,"column":5}},"67":{"start":{"line":228,"column":22},"end":{"line":228,"column":55}},"68":{"start":{"line":229,"column":6},"end":{"line":229,"column":42}},"69":{"start":{"line":230,"column":6},"end":{"line":230,"column":18}},"70":{"start":{"line":232,"column":6},"end":{"line":232,"column":63}},"71":{"start":{"line":233,"column":6},"end":{"line":233,"column":19}},"72":{"start":{"line":242,"column":4},"end":{"line":249,"column":5}},"73":{"start":{"line":243,"column":6},"end":{"line":248,"column":7}},"74":{"start":{"line":244,"column":8},"end":{"line":244,"column":33}},"75":{"start":{"line":245,"column":8},"end":{"line":245,"column":48}},"76":{"start":{"line":247,"column":8},"end":{"line":247,"column":72}},"77":{"start":{"line":258,"column":22},"end":{"line":258,"column":46}},"78":{"start":{"line":259,"column":21},"end":{"line":265,"column":5}},"79":{"start":{"line":266,"column":4},"end":{"line":266,"column":42}},"80":{"start":{"line":270,"column":0},"end":{"line":272,"column":2}}},"fnMap":{"0":{"name":"(anonymous_0)","decl":{"start":{"line":23,"column":2},"end":{"line":23,"column":3}},"loc":{"start":{"line":23,"column":12},"end":{"line":25,"column":3}},"line":23},"1":{"name":"(anonymous_1)","decl":{"start":{"line":33,"column":2},"end":{"line":33,"column":3}},"loc":{"start":{"line":33,"column":34},"end":{"line":79,"column":3}},"line":33},"2":{"name":"(anonymous_2)","decl":{"start":{"line":87,"column":2},"end":{"line":87,"column":3}},"loc":{"start":{"line":87,"column":33},"end":{"line":110,"column":3}},"line":87},"3":{"name":"(anonymous_3)","decl":{"start":{"line":117,"column":2},"end":{"line":117,"column":3}},"loc":{"start":{"line":117,"column":25},"end":{"line":129,"column":3}},"line":117},"4":{"name":"(anonymous_4)","decl":{"start":{"line":138,"column":2},"end":{"line":138,"column":3}},"loc":{"start":{"line":138,"column":42},"end":{"line":154,"column":3}},"line":138},"5":{"name":"(anonymous_5)","decl":{"start":{"line":162,"column":2},"end":{"line":162,"column":3}},"loc":{"start":{"line":162,"column":40},"end":{"line":182,"column":3}},"line":162},"6":{"name":"(anonymous_6)","decl":{"start":{"line":167,"column":36},"end":{"line":167,"column":37}},"loc":{"start":{"line":167,"column":47},"end":{"line":171,"column":7}},"line":167},"7":{"name":"(anonymous_7)","decl":{"start":{"line":189,"column":2},"end":{"line":189,"column":3}},"loc":{"start":{"line":189,"column":27},"end":{"line":204,"column":3}},"line":189},"8":{"name":"(anonymous_8)","decl":{"start":{"line":195,"column":54},"end":{"line":195,"column":55}},"loc":{"start":{"line":195,"column":71},"end":{"line":197,"column":9}},"line":195},"9":{"name":"(anonymous_9)","decl":{"start":{"line":212,"column":2},"end":{"line":212,"column":3}},"loc":{"start":{"line":212,"column":30},"end":{"line":214,"column":3}},"line":212},"10":{"name":"(anonymous_10)","decl":{"start":{"line":220,"column":2},"end":{"line":220,"column":3}},"loc":{"start":{"line":220,"column":25},"end":{"line":235,"column":3}},"line":220},"11":{"name":"(anonymous_11)","decl":{"start":{"line":241,"column":2},"end":{"line":241,"column":3}},"loc":{"start":{"line":241,"column":21},"end":{"line":250,"column":3}},"line":241},"12":{"name":"(anonymous_12)","decl":{"start":{"line":257,"column":2},"end":{"line":257,"column":3}},"loc":{"start":{"line":257,"column":26},"end":{"line":267,"column":3}},"line":257}},"branchMap":{"0":{"loc":{"start":{"line":39,"column":6},"end":{"line":41,"column":7}},"type":"if","locations":[{"start":{"line":39,"column":6},"end":{"line":41,"column":7}},{"start":{"line":39,"column":6},"end":{"line":41,"column":7}}],"line":39},"1":{"loc":{"start":{"line":49,"column":17},"end":{"line":49,"column":61}},"type":"binary-expr","locations":[{"start":{"line":49,"column":17},"end":{"line":49,"column":50}},{"start":{"line":49,"column":54},"end":{"line":49,"column":61}}],"line":49},"2":{"loc":{"start":{"line":51,"column":13},"end":{"line":51,"column":45}},"type":"binary-expr","locations":[{"start":{"line":51,"column":13},"end":{"line":51,"column":28}},{"start":{"line":51,"column":32},"end":{"line":51,"column":45}}],"line":51},"3":{"loc":{"start":{"line":54,"column":38},"end":{"line":54,"column":59}},"type":"binary-expr","locations":[{"start":{"line":54,"column":38},"end":{"line":54,"column":53}},{"start":{"line":54,"column":57},"end":{"line":54,"column":59}}],"line":54},"4":{"loc":{"start":{"line":89,"column":17},"end":{"line":89,"column":39}},"type":"binary-expr","locations":[{"start":{"line":89,"column":17},"end":{"line":89,"column":33}},{"start":{"line":89,"column":37},"end":{"line":89,"column":39}}],"line":89},"5":{"loc":{"start":{"line":99,"column":4},"end":{"line":102,"column":5}},"type":"if","locations":[{"start":{"line":99,"column":4},"end":{"line":102,"column":5}},{"start":{"line":99,"column":4},"end":{"line":102,"column":5}}],"line":99},"6":{"loc":{"start":{"line":105,"column":4},"end":{"line":107,"column":5}},"type":"if","locations":[{"start":{"line":105,"column":4},"end":{"line":107,"column":5}},{"start":{"line":105,"column":4},"end":{"line":107,"column":5}}],"line":105},"7":{"loc":{"start":{"line":119,"column":4},"end":{"line":121,"column":5}},"type":"if","locations":[{"start":{"line":119,"column":4},"end":{"line":121,"column":5}},{"start":{"line":119,"column":4},"end":{"line":121,"column":5}}],"line":119},"8":{"loc":{"start":{"line":140,"column":4},"end":{"line":142,"column":5}},"type":"if","locations":[{"start":{"line":140,"column":4},"end":{"line":142,"column":5}},{"start":{"line":140,"column":4},"end":{"line":142,"column":5}}],"line":140},"9":{"loc":{"start":{"line":153,"column":11},"end":{"line":153,"column":43}},"type":"binary-expr","locations":[{"start":{"line":153,"column":11},"end":{"line":153,"column":37}},{"start":{"line":153,"column":41},"end":{"line":153,"column":43}}],"line":153},"10":{"loc":{"start":{"line":166,"column":4},"end":{"line":172,"column":5}},"type":"if","locations":[{"start":{"line":166,"column":4},"end":{"line":172,"column":5}},{"start":{"line":166,"column":4},"end":{"line":172,"column":5}}],"line":166},"11":{"loc":{"start":{"line":169,"column":24},"end":{"line":169,"column":49}},"type":"binary-expr","locations":[{"start":{"line":169,"column":24},"end":{"line":169,"column":43}},{"start":{"line":169,"column":47},"end":{"line":169,"column":49}}],"line":169},"12":{"loc":{"start":{"line":175,"column":4},"end":{"line":179,"column":5}},"type":"if","locations":[{"start":{"line":175,"column":4},"end":{"line":179,"column":5}},{"start":{"line":175,"column":4},"end":{"line":179,"column":5}}],"line":175},"13":{"loc":{"start":{"line":177,"column":22},"end":{"line":177,"column":53}},"type":"binary-expr","locations":[{"start":{"line":177,"column":22},"end":{"line":177,"column":47}},{"start":{"line":177,"column":51},"end":{"line":177,"column":53}}],"line":177},"14":{"loc":{"start":{"line":193,"column":6},"end":{"line":200,"column":7}},"type":"if","locations":[{"start":{"line":193,"column":6},"end":{"line":200,"column":7}},{"start":{"line":193,"column":6},"end":{"line":200,"column":7}}],"line":193},"15":{"loc":{"start":{"line":196,"column":17},"end":{"line":196,"column":43}},"type":"binary-expr","locations":[{"start":{"line":196,"column":17},"end":{"line":196,"column":34}},{"start":{"line":196,"column":38},"end":{"line":196,"column":43}}],"line":196},"16":{"loc":{"start":{"line":221,"column":4},"end":{"line":224,"column":5}},"type":"if","locations":[{"start":{"line":221,"column":4},"end":{"line":224,"column":5}},{"start":{"line":221,"column":4},"end":{"line":224,"column":5}}],"line":221},"17":{"loc":{"start":{"line":242,"column":4},"end":{"line":249,"column":5}},"type":"if","locations":[{"start":{"line":242,"column":4},"end":{"line":249,"column":5}},{"start":{"line":242,"column":4},"end":{"line":249,"column":5}}],"line":242},"18":{"loc":{"start":{"line":242,"column":8},"end":{"line":242,"column":45}},"type":"binary-expr","locations":[{"start":{"line":242,"column":8},"end":{"line":242,"column":17}},{"start":{"line":242,"column":21},"end":{"line":242,"column":45}}],"line":242},"19":{"loc":{"start":{"line":257,"column":15},"end":{"line":257,"column":24}},"type":"default-arg","locations":[{"start":{"line":257,"column":22},"end":{"line":257,"column":24}}],"line":257}},"s":{"0":1,"1":1,"2":1,"3":1,"4":1,"5":1,"6":0,"7":0,"8":0,"9":0,"10":0,"11":0,"12":0,"13":0,"14":0,"15":0,"16":0,"17":0,"18":0,"19":0,"20":0,"21":0,"22":0,"23":0,"24":0,"25":0,"26":0,"27":0,"28":0,"29":0,"30":0,"31":0,"32":0,"33":0,"34":0,"35":0,"36":0,"37":0,"38":0,"39":0,"40":0,"41":0,"42":0,"43":0,"44":0,"45":0,"46":0,"47":0,"48":0,"49":0,"50":0,"51":0,"52":0,"53":0,"54":0,"55":0,"56":0,"57":0,"58":0,"59":0,"60":0,"61":0,"62":0,"63":0,"64":0,"65":0,"66":0,"67":0,"68":0,"69":0,"70":0,"71":0,"72":0,"73":0,"74":0,"75":0,"76":0,"77":0,"78":0,"79":0,"80":1},"f":{"0":0,"1":0,"2":0,"3":0,"4":0,"5":0,"6":0,"7":0,"8":0,"9":0,"10":0,"11":0,"12":0},"b":{"0":[0,0],"1":[0,0],"2":[0,0],"3":[0,0],"4":[0,0],"5":[0,0],"6":[0,0],"7":[0,0],"8":[0,0],"9":[0,0],"10":[0,0],"11":[0,0],"12":[0,0],"13":[0,0],"14":[0,0],"15":[0,0],"16":[0,0],"17":[0,0],"18":[0,0],"19":[0]},"_coverageSchema":"1a1c01bbd47fc00a2c39e90264f33305004495a9","hash":"691cdbc0335a796aa296c57bdba0ea018bffe69a","contentHash":"cf418d046da1cf75c25ad4829e72aa2cf271ba348ced8f59d814af4ce588c047"}}